{"C:\\Users\\felipe\\Documents\\My Codes\\checklist-compras\\website\\middleware\\auth.js": {"path":"C:\\Users\\felipe\\Documents\\My Codes\\checklist-compras\\website\\middleware\\auth.js","statementMap":{"0":{"start":{"line":1,"column":12},"end":{"line":1,"column":35}},"1":{"start":{"line":2,"column":20},"end":{"line":2,"column":54}},"2":{"start":{"line":4,"column":20},"end":{"line":8,"column":1}},"3":{"start":{"line":11,"column":2},"end":{"line":27,"column":4}},"4":{"start":{"line":12,"column":24},"end":{"line":12,"column":63}},"5":{"start":{"line":14,"column":4},"end":{"line":16,"column":5}},"6":{"start":{"line":15,"column":6},"end":{"line":15,"column":51}},"7":{"start":{"line":18,"column":4},"end":{"line":26,"column":5}},"8":{"start":{"line":19,"column":6},"end":{"line":19,"column":60}},"9":{"start":{"line":20,"column":6},"end":{"line":20,"column":20}},"10":{"start":{"line":22,"column":6},"end":{"line":24,"column":7}},"11":{"start":{"line":23,"column":8},"end":{"line":23,"column":72}},"12":{"start":{"line":25,"column":6},"end":{"line":25,"column":42}},"13":{"start":{"line":31,"column":23},"end":{"line":31,"column":63}},"14":{"start":{"line":32,"column":2},"end":{"line":32,"column":69}},"15":{"start":{"line":32,"column":33},"end":{"line":32,"column":69}},"16":{"start":{"line":34,"column":2},"end":{"line":51,"column":3}},"17":{"start":{"line":35,"column":19},"end":{"line":35,"column":30}},"18":{"start":{"line":36,"column":19},"end":{"line":36,"column":83}},"19":{"start":{"line":37,"column":4},"end":{"line":37,"column":53}},"20":{"start":{"line":37,"column":17},"end":{"line":37,"column":53}},"21":{"start":{"line":39,"column":25},"end":{"line":39,"column":81}},"22":{"start":{"line":40,"column":17},"end":{"line":40,"column":64}},"23":{"start":{"line":41,"column":20},"end":{"line":41,"column":55}},"24":{"start":{"line":42,"column":4},"end":{"line":42,"column":62}},"25":{"start":{"line":42,"column":26},"end":{"line":42,"column":62}},"26":{"start":{"line":44,"column":22},"end":{"line":44,"column":58}},"27":{"start":{"line":45,"column":4},"end":{"line":45,"column":55}},"28":{"start":{"line":46,"column":4},"end":{"line":46,"column":55}},"29":{"start":{"line":47,"column":4},"end":{"line":47,"column":56}},"30":{"start":{"line":48,"column":4},"end":{"line":48,"column":18}},"31":{"start":{"line":50,"column":4},"end":{"line":50,"column":40}},"32":{"start":{"line":55,"column":2},"end":{"line":72,"column":4}},"33":{"start":{"line":56,"column":21},"end":{"line":56,"column":50}},"34":{"start":{"line":57,"column":4},"end":{"line":57,"column":70}},"35":{"start":{"line":57,"column":19},"end":{"line":57,"column":70}},"36":{"start":{"line":59,"column":4},"end":{"line":71,"column":5}},"37":{"start":{"line":60,"column":21},"end":{"line":62,"column":16}},"38":{"start":{"line":64,"column":6},"end":{"line":64,"column":70}},"39":{"start":{"line":64,"column":19},"end":{"line":64,"column":70}},"40":{"start":{"line":66,"column":6},"end":{"line":66,"column":30}},"41":{"start":{"line":67,"column":6},"end":{"line":67,"column":18}},"42":{"start":{"line":68,"column":6},"end":{"line":68,"column":20}},"43":{"start":{"line":70,"column":6},"end":{"line":70,"column":57}},"44":{"start":{"line":75,"column":0},"end":{"line":75,"column":69}}},"fnMap":{"0":{"name":"makeRequireAuth","decl":{"start":{"line":10,"column":9},"end":{"line":10,"column":24}},"loc":{"start":{"line":10,"column":29},"end":{"line":28,"column":1}},"line":10},"1":{"name":"requireAuth","decl":{"start":{"line":11,"column":24},"end":{"line":11,"column":35}},"loc":{"start":{"line":11,"column":52},"end":{"line":27,"column":3}},"line":11},"2":{"name":"_tryRefresh","decl":{"start":{"line":30,"column":15},"end":{"line":30,"column":26}},"loc":{"start":{"line":30,"column":56},"end":{"line":52,"column":1}},"line":30},"3":{"name":"makeRequireTenant","decl":{"start":{"line":54,"column":9},"end":{"line":54,"column":26}},"loc":{"start":{"line":54,"column":31},"end":{"line":73,"column":1}},"line":54},"4":{"name":"requireTenant","decl":{"start":{"line":55,"column":24},"end":{"line":55,"column":37}},"loc":{"start":{"line":55,"column":54},"end":{"line":72,"column":3}},"line":55}},"branchMap":{"0":{"loc":{"start":{"line":12,"column":24},"end":{"line":12,"column":63}},"type":"binary-expr","locations":[{"start":{"line":12,"column":24},"end":{"line":12,"column":35}},{"start":{"line":12,"column":39},"end":{"line":12,"column":63}}],"line":12},"1":{"loc":{"start":{"line":14,"column":4},"end":{"line":16,"column":5}},"type":"if","locations":[{"start":{"line":14,"column":4},"end":{"line":16,"column":5}},{"start":{},"end":{}}],"line":14},"2":{"loc":{"start":{"line":22,"column":6},"end":{"line":24,"column":7}},"type":"if","locations":[{"start":{"line":22,"column":6},"end":{"line":24,"column":7}},{"start":{},"end":{}}],"line":22},"3":{"loc":{"start":{"line":31,"column":23},"end":{"line":31,"column":63}},"type":"binary-expr","locations":[{"start":{"line":31,"column":23},"end":{"line":31,"column":34}},{"start":{"line":31,"column":38},"end":{"line":31,"column":63}}],"line":31},"4":{"loc":{"start":{"line":32,"column":2},"end":{"line":32,"column":69}},"type":"if","locations":[{"start":{"line":32,"column":2},"end":{"line":32,"column":69}},{"start":{},"end":{}}],"line":32},"5":{"loc":{"start":{"line":32,"column":6},"end":{"line":32,"column":31}},"type":"binary-expr","locations":[{"start":{"line":32,"column":6},"end":{"line":32,"column":19}},{"start":{"line":32,"column":23},"end":{"line":32,"column":31}}],"line":32},"6":{"loc":{"start":{"line":37,"column":4},"end":{"line":37,"column":53}},"type":"if","locations":[{"start":{"line":37,"column":4},"end":{"line":37,"column":53}},{"start":{},"end":{}}],"line":37},"7":{"loc":{"start":{"line":42,"column":4},"end":{"line":42,"column":62}},"type":"if","locations":[{"start":{"line":42,"column":4},"end":{"line":42,"column":62}},{"start":{},"end":{}}],"line":42},"8":{"loc":{"start":{"line":56,"column":21},"end":{"line":56,"column":50}},"type":"binary-expr","locations":[{"start":{"line":56,"column":21},"end":{"line":56,"column":29}},{"start":{"line":56,"column":33},"end":{"line":56,"column":50}}],"line":56},"9":{"loc":{"start":{"line":57,"column":4},"end":{"line":57,"column":70}},"type":"if","locations":[{"start":{"line":57,"column":4},"end":{"line":57,"column":70}},{"start":{},"end":{}}],"line":57},"10":{"loc":{"start":{"line":64,"column":6},"end":{"line":64,"column":70}},"type":"if","locations":[{"start":{"line":64,"column":6},"end":{"line":64,"column":70}},{"start":{},"end":{}}],"line":64}},"s":{"0":5,"1":5,"2":5,"3":5,"4":35,"5":35,"6":4,"7":31,"8":31,"9":26,"10":5,"11":4,"12":1,"13":8,"14":8,"15":4,"16":4,"17":4,"18":4,"19":3,"20":1,"21":2,"22":2,"23":2,"24":2,"25":1,"26":2,"27":2,"28":2,"29":2,"30":2,"31":1,"32":5,"33":20,"34":20,"35":2,"36":18,"37":18,"38":17,"39":2,"40":15,"41":15,"42":15,"43":1,"44":5},"f":{"0":5,"1":35,"2":8,"3":5,"4":20},"b":{"0":[35,35],"1":[4,31],"2":[4,1],"3":[8,8],"4":[4,4],"5":[8,4],"6":[1,2],"7":[1,1],"8":[20,20],"9":[2,18],"10":[2,15]},"_coverageSchema":"1a1c01bbd47fc00a2c39e90264f33305004495a9","hash":"b46acf84a0e4ecb68f4726e85a684d8657f9966b"}
,"C:\\Users\\felipe\\Documents\\My Codes\\checklist-compras\\website\\routes\\auth.js": {"path":"C:\\Users\\felipe\\Documents\\My Codes\\checklist-compras\\website\\routes\\auth.js","statementMap":{"0":{"start":{"line":1,"column":16},"end":{"line":1,"column":34}},"1":{"start":{"line":2,"column":17},"end":{"line":2,"column":36}},"2":{"start":{"line":3,"column":20},"end":{"line":3,"column":54}},"3":{"start":{"line":4,"column":24},"end":{"line":4,"column":53}},"4":{"start":{"line":7,"column":15},"end":{"line":7,"column":23}},"5":{"start":{"line":8,"column":22},"end":{"line":8,"column":86}},"6":{"start":{"line":9,"column":23},"end":{"line":9,"column":57}},"7":{"start":{"line":10,"column":2},"end":{"line":10,"column":64}},"8":{"start":{"line":11,"column":2},"end":{"line":11,"column":55}},"9":{"start":{"line":12,"column":2},"end":{"line":12,"column":57}},"10":{"start":{"line":13,"column":2},"end":{"line":13,"column":36}},"11":{"start":{"line":17,"column":17},"end":{"line":17,"column":33}},"12":{"start":{"line":19,"column":2},"end":{"line":21,"column":4}},"13":{"start":{"line":23,"column":2},"end":{"line":26,"column":4}},"14":{"start":{"line":28,"column":2},"end":{"line":60,"column":5}},"15":{"start":{"line":29,"column":25},"end":{"line":29,"column":65}},"16":{"start":{"line":30,"column":24},"end":{"line":30,"column":63}},"17":{"start":{"line":32,"column":4},"end":{"line":32,"column":77}},"18":{"start":{"line":32,"column":23},"end":{"line":32,"column":77}},"19":{"start":{"line":34,"column":18},"end":{"line":34,"column":22}},"20":{"start":{"line":35,"column":4},"end":{"line":43,"column":5}},"21":{"start":{"line":36,"column":6},"end":{"line":42,"column":7}},"22":{"start":{"line":37,"column":8},"end":{"line":37,"column":61}},"23":{"start":{"line":39,"column":8},"end":{"line":41,"column":9}},"24":{"start":{"line":40,"column":10},"end":{"line":40,"column":65}},"25":{"start":{"line":45,"column":4},"end":{"line":45,"column":72}},"26":{"start":{"line":45,"column":18},"end":{"line":45,"column":72}},"27":{"start":{"line":47,"column":19},"end":{"line":47,"column":30}},"28":{"start":{"line":48,"column":19},"end":{"line":48,"column":83}},"29":{"start":{"line":49,"column":4},"end":{"line":49,"column":71}},"30":{"start":{"line":49,"column":17},"end":{"line":49,"column":71}},"31":{"start":{"line":51,"column":25},"end":{"line":51,"column":81}},"32":{"start":{"line":52,"column":17},"end":{"line":52,"column":64}},"33":{"start":{"line":53,"column":20},"end":{"line":53,"column":55}},"34":{"start":{"line":54,"column":4},"end":{"line":54,"column":62}},"35":{"start":{"line":54,"column":26},"end":{"line":54,"column":62}},"36":{"start":{"line":56,"column":27},"end":{"line":56,"column":63}},"37":{"start":{"line":57,"column":4},"end":{"line":57,"column":60}},"38":{"start":{"line":58,"column":4},"end":{"line":58,"column":55}},"39":{"start":{"line":59,"column":4},"end":{"line":59,"column":39}},"40":{"start":{"line":62,"column":2},"end":{"line":79,"column":5}},"41":{"start":{"line":63,"column":25},"end":{"line":63,"column":65}},"42":{"start":{"line":64,"column":24},"end":{"line":64,"column":63}},"43":{"start":{"line":66,"column":4},"end":{"line":74,"column":5}},"44":{"start":{"line":67,"column":6},"end":{"line":73,"column":7}},"45":{"start":{"line":68,"column":24},"end":{"line":68,"column":66}},"46":{"start":{"line":69,"column":23},"end":{"line":69,"column":92}},"47":{"start":{"line":70,"column":8},"end":{"line":70,"column":108}},"48":{"start":{"line":70,"column":20},"end":{"line":70,"column":108}},"49":{"start":{"line":76,"column":4},"end":{"line":76,"column":49}},"50":{"start":{"line":77,"column":4},"end":{"line":77,"column":50}},"51":{"start":{"line":78,"column":4},"end":{"line":78,"column":39}},"52":{"start":{"line":81,"column":2},"end":{"line":81,"column":16}},"53":{"start":{"line":84,"column":0},"end":{"line":84,"column":59}},"54":{"start":{"line":85,"column":0},"end":{"line":85,"column":32}}},"fnMap":{"0":{"name":"_handleOAuthCallback","decl":{"start":{"line":6,"column":15},"end":{"line":6,"column":35}},"loc":{"start":{"line":6,"column":50},"end":{"line":14,"column":1}},"line":6},"1":{"name":"makeAuthRouter","decl":{"start":{"line":16,"column":9},"end":{"line":16,"column":23}},"loc":{"start":{"line":16,"column":28},"end":{"line":82,"column":1}},"line":16},"2":{"name":"(anonymous_2)","decl":{"start":{"line":28,"column":31},"end":{"line":28,"column":32}},"loc":{"start":{"line":28,"column":51},"end":{"line":60,"column":3}},"line":28},"3":{"name":"(anonymous_3)","decl":{"start":{"line":62,"column":30},"end":{"line":62,"column":31}},"loc":{"start":{"line":62,"column":50},"end":{"line":79,"column":3}},"line":62}},"branchMap":{"0":{"loc":{"start":{"line":29,"column":25},"end":{"line":29,"column":65}},"type":"binary-expr","locations":[{"start":{"line":29,"column":25},"end":{"line":29,"column":36}},{"start":{"line":29,"column":40},"end":{"line":29,"column":65}}],"line":29},"1":{"loc":{"start":{"line":30,"column":24},"end":{"line":30,"column":63}},"type":"binary-expr","locations":[{"start":{"line":30,"column":24},"end":{"line":30,"column":35}},{"start":{"line":30,"column":39},"end":{"line":30,"column":63}}],"line":30},"2":{"loc":{"start":{"line":32,"column":4},"end":{"line":32,"column":77}},"type":"if","locations":[{"start":{"line":32,"column":4},"end":{"line":32,"column":77}},{"start":{},"end":{}}],"line":32},"3":{"loc":{"start":{"line":35,"column":4},"end":{"line":43,"column":5}},"type":"if","locations":[{"start":{"line":35,"column":4},"end":{"line":43,"column":5}},{"start":{},"end":{}}],"line":35},"4":{"loc":{"start":{"line":39,"column":8},"end":{"line":41,"column":9}},"type":"if","locations":[{"start":{"line":39,"column":8},"end":{"line":41,"column":9}},{"start":{},"end":{}}],"line":39},"5":{"loc":{"start":{"line":45,"column":4},"end":{"line":45,"column":72}},"type":"if","locations":[{"start":{"line":45,"column":4},"end":{"line":45,"column":72}},{"start":{},"end":{}}],"line":45},"6":{"loc":{"start":{"line":49,"column":4},"end":{"line":49,"column":71}},"type":"if","locations":[{"start":{"line":49,"column":4},"end":{"line":49,"column":71}},{"start":{},"end":{}}],"line":49},"7":{"loc":{"start":{"line":54,"column":4},"end":{"line":54,"column":62}},"type":"if","locations":[{"start":{"line":54,"column":4},"end":{"line":54,"column":62}},{"start":{},"end":{}}],"line":54},"8":{"loc":{"start":{"line":63,"column":25},"end":{"line":63,"column":65}},"type":"binary-expr","locations":[{"start":{"line":63,"column":25},"end":{"line":63,"column":36}},{"start":{"line":63,"column":40},"end":{"line":63,"column":65}}],"line":63},"9":{"loc":{"start":{"line":64,"column":24},"end":{"line":64,"column":63}},"type":"binary-expr","locations":[{"start":{"line":64,"column":24},"end":{"line":64,"column":35}},{"start":{"line":64,"column":39},"end":{"line":64,"column":63}}],"line":64},"10":{"loc":{"start":{"line":66,"column":4},"end":{"line":74,"column":5}},"type":"if","locations":[{"start":{"line":66,"column":4},"end":{"line":74,"column":5}},{"start":{},"end":{}}],"line":66},"11":{"loc":{"start":{"line":66,"column":8},"end":{"line":66,"column":35}},"type":"binary-expr","locations":[{"start":{"line":66,"column":8},"end":{"line":66,"column":20}},{"start":{"line":66,"column":24},"end":{"line":66,"column":35}}],"line":66},"12":{"loc":{"start":{"line":70,"column":8},"end":{"line":70,"column":108}},"type":"if","locations":[{"start":{"line":70,"column":8},"end":{"line":70,"column":108}},{"start":{},"end":{}}],"line":70}},"s":{"0":3,"1":3,"2":3,"3":3,"4":1,"5":1,"6":1,"7":1,"8":1,"9":1,"10":1,"11":3,"12":3,"13":3,"14":3,"15":6,"16":6,"17":6,"18":1,"19":5,"20":5,"21":4,"22":4,"23":4,"24":3,"25":5,"26":2,"27":3,"28":3,"29":3,"30":1,"31":2,"32":2,"33":2,"34":2,"35":1,"36":2,"37":2,"38":2,"39":2,"40":3,"41":4,"42":4,"43":4,"44":3,"45":3,"46":2,"47":2,"48":1,"49":4,"50":4,"51":4,"52":3,"53":3,"54":3},"f":{"0":1,"1":3,"2":6,"3":4},"b":{"0":[6,6],"1":[6,6],"2":[1,5],"3":[4,1],"4":[3,1],"5":[2,3],"6":[1,2],"7":[1,1],"8":[4,4],"9":[4,4],"10":[3,1],"11":[4,3],"12":[1,1]},"_coverageSchema":"1a1c01bbd47fc00a2c39e90264f33305004495a9","hash":"c7f04116a5cf0da9d388ebeddfd1ba7cea4d953b"}
,"C:\\Users\\felipe\\Documents\\My Codes\\checklist-compras\\website\\routes\\items.js": {"path":"C:\\Users\\felipe\\Documents\\My Codes\\checklist-compras\\website\\routes\\items.js","statementMap":{"0":{"start":{"line":1,"column":16},"end":{"line":1,"column":34}},"1":{"start":{"line":2,"column":14},"end":{"line":2,"column":30}},"2":{"start":{"line":3,"column":20},"end":{"line":3,"column":54}},"3":{"start":{"line":4,"column":22},"end":{"line":4,"column":58}},"4":{"start":{"line":7,"column":17},"end":{"line":7,"column":33}},"5":{"start":{"line":9,"column":2},"end":{"line":13,"column":5}},"6":{"start":{"line":10,"column":19},"end":{"line":10,"column":45}},"7":{"start":{"line":11,"column":18},"end":{"line":11,"column":71}},"8":{"start":{"line":12,"column":4},"end":{"line":12,"column":83}},"9":{"start":{"line":15,"column":2},"end":{"line":24,"column":5}},"10":{"start":{"line":16,"column":21},"end":{"line":16,"column":29}},"11":{"start":{"line":17,"column":4},"end":{"line":17,"column":87}},"12":{"start":{"line":17,"column":31},"end":{"line":17,"column":87}},"13":{"start":{"line":19,"column":20},"end":{"line":19,"column":76}},"14":{"start":{"line":20,"column":4},"end":{"line":20,"column":52}},"15":{"start":{"line":22,"column":4},"end":{"line":22,"column":57}},"16":{"start":{"line":22,"column":29},"end":{"line":22,"column":57}},"17":{"start":{"line":23,"column":4},"end":{"line":23,"column":41}},"18":{"start":{"line":26,"column":2},"end":{"line":34,"column":5}},"19":{"start":{"line":27,"column":28},"end":{"line":27,"column":36}},"20":{"start":{"line":28,"column":22},"end":{"line":28,"column":38}},"21":{"start":{"line":29,"column":4},"end":{"line":29,"column":65}},"22":{"start":{"line":30,"column":4},"end":{"line":30,"column":73}},"23":{"start":{"line":32,"column":4},"end":{"line":32,"column":57}},"24":{"start":{"line":32,"column":29},"end":{"line":32,"column":57}},"25":{"start":{"line":33,"column":4},"end":{"line":33,"column":46}},"26":{"start":{"line":36,"column":2},"end":{"line":53,"column":5}},"27":{"start":{"line":37,"column":4},"end":{"line":37,"column":55}},"28":{"start":{"line":38,"column":4},"end":{"line":38,"column":45}},"29":{"start":{"line":40,"column":20},"end":{"line":40,"column":40}},"30":{"start":{"line":41,"column":4},"end":{"line":50,"column":5}},"31":{"start":{"line":42,"column":6},"end":{"line":49,"column":7}},"32":{"start":{"line":43,"column":8},"end":{"line":46,"column":11}},"33":{"start":{"line":45,"column":33},"end":{"line":45,"column":52}},"34":{"start":{"line":52,"column":4},"end":{"line":52,"column":32}},"35":{"start":{"line":55,"column":2},"end":{"line":58,"column":5}},"36":{"start":{"line":56,"column":18},"end":{"line":56,"column":66}},"37":{"start":{"line":57,"column":4},"end":{"line":57,"column":39}},"38":{"start":{"line":60,"column":2},"end":{"line":63,"column":5}},"39":{"start":{"line":61,"column":4},"end":{"line":61,"column":55}},"40":{"start":{"line":62,"column":4},"end":{"line":62,"column":46}},"41":{"start":{"line":65,"column":2},"end":{"line":76,"column":5}},"42":{"start":{"line":67,"column":19},"end":{"line":69,"column":14}},"43":{"start":{"line":71,"column":4},"end":{"line":71,"column":95}},"44":{"start":{"line":71,"column":44},"end":{"line":71,"column":95}},"45":{"start":{"line":73,"column":18},"end":{"line":73,"column":82}},"46":{"start":{"line":74,"column":19},"end":{"line":74,"column":92}},"47":{"start":{"line":75,"column":4},"end":{"line":75,"column":80}},"48":{"start":{"line":78,"column":2},"end":{"line":78,"column":16}},"49":{"start":{"line":81,"column":0},"end":{"line":81,"column":33}}},"fnMap":{"0":{"name":"makeItemsRouter","decl":{"start":{"line":6,"column":9},"end":{"line":6,"column":24}},"loc":{"start":{"line":6,"column":61},"end":{"line":79,"column":1}},"line":6},"1":{"name":"(anonymous_1)","decl":{"start":{"line":9,"column":49},"end":{"line":9,"column":50}},"loc":{"start":{"line":9,"column":69},"end":{"line":13,"column":3}},"line":9},"2":{"name":"(anonymous_2)","decl":{"start":{"line":15,"column":54},"end":{"line":15,"column":55}},"loc":{"start":{"line":15,"column":74},"end":{"line":24,"column":3}},"line":15},"3":{"name":"(anonymous_3)","decl":{"start":{"line":26,"column":56},"end":{"line":26,"column":57}},"loc":{"start":{"line":26,"column":76},"end":{"line":34,"column":3}},"line":26},"4":{"name":"(anonymous_4)","decl":{"start":{"line":36,"column":64},"end":{"line":36,"column":65}},"loc":{"start":{"line":36,"column":84},"end":{"line":53,"column":3}},"line":36},"5":{"name":"(anonymous_5)","decl":{"start":{"line":45,"column":26},"end":{"line":45,"column":27}},"loc":{"start":{"line":45,"column":33},"end":{"line":45,"column":52}},"line":45},"6":{"name":"(anonymous_6)","decl":{"start":{"line":55,"column":65},"end":{"line":55,"column":66}},"loc":{"start":{"line":55,"column":85},"end":{"line":58,"column":3}},"line":55},"7":{"name":"(anonymous_7)","decl":{"start":{"line":60,"column":68},"end":{"line":60,"column":69}},"loc":{"start":{"line":60,"column":88},"end":{"line":63,"column":3}},"line":60},"8":{"name":"(anonymous_8)","decl":{"start":{"line":65,"column":63},"end":{"line":65,"column":64}},"loc":{"start":{"line":65,"column":83},"end":{"line":76,"column":3}},"line":65}},"branchMap":{"0":{"loc":{"start":{"line":10,"column":19},"end":{"line":10,"column":45}},"type":"binary-expr","locations":[{"start":{"line":10,"column":19},"end":{"line":10,"column":35}},{"start":{"line":10,"column":39},"end":{"line":10,"column":45}}],"line":10},"1":{"loc":{"start":{"line":17,"column":4},"end":{"line":17,"column":87}},"type":"if","locations":[{"start":{"line":17,"column":4},"end":{"line":17,"column":87}},{"start":{},"end":{}}],"line":17},"2":{"loc":{"start":{"line":17,"column":8},"end":{"line":17,"column":29}},"type":"binary-expr","locations":[{"start":{"line":17,"column":8},"end":{"line":17,"column":13}},{"start":{"line":17,"column":17},"end":{"line":17,"column":29}}],"line":17},"3":{"loc":{"start":{"line":22,"column":4},"end":{"line":22,"column":57}},"type":"if","locations":[{"start":{"line":22,"column":4},"end":{"line":22,"column":57}},{"start":{},"end":{}}],"line":22},"4":{"loc":{"start":{"line":32,"column":4},"end":{"line":32,"column":57}},"type":"if","locations":[{"start":{"line":32,"column":4},"end":{"line":32,"column":57}},{"start":{},"end":{}}],"line":32},"5":{"loc":{"start":{"line":41,"column":4},"end":{"line":50,"column":5}},"type":"if","locations":[{"start":{"line":41,"column":4},"end":{"line":50,"column":5}},{"start":{},"end":{}}],"line":41},"6":{"loc":{"start":{"line":45,"column":33},"end":{"line":45,"column":52}},"type":"binary-expr","locations":[{"start":{"line":45,"column":33},"end":{"line":45,"column":41}},{"start":{"line":45,"column":45},"end":{"line":45,"column":52}}],"line":45},"7":{"loc":{"start":{"line":71,"column":4},"end":{"line":71,"column":95}},"type":"if","locations":[{"start":{"line":71,"column":4},"end":{"line":71,"column":95}},{"start":{},"end":{}}],"line":71},"8":{"loc":{"start":{"line":71,"column":8},"end":{"line":71,"column":42}},"type":"binary-expr","locations":[{"start":{"line":71,"column":8},"end":{"line":71,"column":15}},{"start":{"line":71,"column":19},"end":{"line":71,"column":42}}],"line":71},"9":{"loc":{"start":{"line":74,"column":19},"end":{"line":74,"column":92}},"type":"binary-expr","locations":[{"start":{"line":74,"column":19},"end":{"line":74,"column":38}}],"line":74}},"s":{"0":3,"1":3,"2":3,"3":3,"4":3,"5":3,"6":1,"7":1,"8":1,"9":3,"10":3,"11":3,"12":1,"13":2,"14":2,"15":2,"16":1,"17":1,"18":3,"19":3,"20":3,"21":3,"22":3,"23":3,"24":2,"25":1,"26":3,"27":3,"28":3,"29":3,"30":3,"31":2,"32":2,"33":2,"34":3,"35":3,"36":1,"37":1,"38":3,"39":1,"40":1,"41":3,"42":2,"43":2,"44":1,"45":1,"46":1,"47":1,"48":3,"49":3},"f":{"0":3,"1":1,"2":3,"3":3,"4":3,"5":2,"6":1,"7":1,"8":2},"b":{"0":[1,1],"1":[1,2],"2":[3,2],"3":[1,1],"4":[2,1],"5":[2,1],"6":[2,2],"7":[1,1],"8":[2,2],"9":[1]},"_coverageSchema":"1a1c01bbd47fc00a2c39e90264f33305004495a9","hash":"d140d67a541627444979fb285c180c2aa2a3dad2"}
,"C:\\Users\\felipe\\Documents\\My Codes\\checklist-compras\\website\\routes\\workspace.js": {"path":"C:\\Users\\felipe\\Documents\\My Codes\\checklist-compras\\website\\routes\\workspace.js","statementMap":{"0":{"start":{"line":1,"column":16},"end":{"line":1,"column":34}},"1":{"start":{"line":2,"column":20},"end":{"line":2,"column":54}},"2":{"start":{"line":3,"column":22},"end":{"line":3,"column":58}},"3":{"start":{"line":4,"column":24},"end":{"line":4,"column":53}},"4":{"start":{"line":7,"column":2},"end":{"line":11,"column":22}},"5":{"start":{"line":15,"column":17},"end":{"line":15,"column":33}},"6":{"start":{"line":17,"column":2},"end":{"line":35,"column":5}},"7":{"start":{"line":18,"column":24},"end":{"line":21,"column":49}},"8":{"start":{"line":23,"column":4},"end":{"line":23,"column":75}},"9":{"start":{"line":23,"column":34},"end":{"line":23,"column":75}},"10":{"start":{"line":24,"column":4},"end":{"line":33,"column":5}},"11":{"start":{"line":25,"column":28},"end":{"line":25,"column":36}},"12":{"start":{"line":26,"column":23},"end":{"line":30,"column":8}},"13":{"start":{"line":31,"column":6},"end":{"line":31,"column":56}},"14":{"start":{"line":32,"column":6},"end":{"line":32,"column":34}},"15":{"start":{"line":34,"column":4},"end":{"line":34,"column":84}},"16":{"start":{"line":37,"column":2},"end":{"line":52,"column":5}},"17":{"start":{"line":38,"column":25},"end":{"line":38,"column":33}},"18":{"start":{"line":39,"column":19},"end":{"line":41,"column":14}},"19":{"start":{"line":43,"column":4},"end":{"line":43,"column":68}},"20":{"start":{"line":43,"column":17},"end":{"line":43,"column":68}},"21":{"start":{"line":45,"column":21},"end":{"line":49,"column":6}},"22":{"start":{"line":50,"column":4},"end":{"line":50,"column":54}},"23":{"start":{"line":51,"column":4},"end":{"line":51,"column":32}},"24":{"start":{"line":54,"column":2},"end":{"line":56,"column":5}},"25":{"start":{"line":55,"column":4},"end":{"line":55,"column":55}},"26":{"start":{"line":58,"column":2},"end":{"line":76,"column":5}},"27":{"start":{"line":59,"column":21},"end":{"line":59,"column":29}},"28":{"start":{"line":60,"column":4},"end":{"line":60,"column":87}},"29":{"start":{"line":60,"column":31},"end":{"line":60,"column":87}},"30":{"start":{"line":62,"column":17},"end":{"line":62,"column":49}},"31":{"start":{"line":63,"column":21},"end":{"line":63,"column":91}},"32":{"start":{"line":65,"column":4},"end":{"line":65,"column":74}},"33":{"start":{"line":66,"column":4},"end":{"line":66,"column":102}},"34":{"start":{"line":67,"column":4},"end":{"line":67,"column":73}},"35":{"start":{"line":69,"column":21},"end":{"line":73,"column":6}},"36":{"start":{"line":74,"column":4},"end":{"line":74,"column":54}},"37":{"start":{"line":75,"column":4},"end":{"line":75,"column":32}},"38":{"start":{"line":78,"column":2},"end":{"line":91,"column":5}},"39":{"start":{"line":79,"column":22},"end":{"line":79,"column":31}},"40":{"start":{"line":80,"column":19},"end":{"line":80,"column":64}},"41":{"start":{"line":81,"column":4},"end":{"line":81,"column":102}},"42":{"start":{"line":81,"column":17},"end":{"line":81,"column":102}},"43":{"start":{"line":83,"column":21},"end":{"line":83,"column":78}},"44":{"start":{"line":84,"column":21},"end":{"line":88,"column":6}},"45":{"start":{"line":89,"column":4},"end":{"line":89,"column":54}},"46":{"start":{"line":90,"column":4},"end":{"line":90,"column":32}},"47":{"start":{"line":93,"column":2},"end":{"line":93,"column":16}},"48":{"start":{"line":96,"column":0},"end":{"line":96,"column":37}}},"fnMap":{"0":{"name":"slugify","decl":{"start":{"line":6,"column":9},"end":{"line":6,"column":16}},"loc":{"start":{"line":6,"column":23},"end":{"line":12,"column":1}},"line":6},"1":{"name":"makeWorkspaceRouter","decl":{"start":{"line":14,"column":9},"end":{"line":14,"column":28}},"loc":{"start":{"line":14,"column":46},"end":{"line":94,"column":1}},"line":14},"2":{"name":"(anonymous_2)","decl":{"start":{"line":17,"column":47},"end":{"line":17,"column":48}},"loc":{"start":{"line":17,"column":67},"end":{"line":35,"column":3}},"line":17},"3":{"name":"(anonymous_3)","decl":{"start":{"line":37,"column":48},"end":{"line":37,"column":49}},"loc":{"start":{"line":37,"column":68},"end":{"line":52,"column":3}},"line":37},"4":{"name":"(anonymous_4)","decl":{"start":{"line":54,"column":47},"end":{"line":54,"column":48}},"loc":{"start":{"line":54,"column":61},"end":{"line":56,"column":3}},"line":54},"5":{"name":"(anonymous_5)","decl":{"start":{"line":58,"column":48},"end":{"line":58,"column":49}},"loc":{"start":{"line":58,"column":68},"end":{"line":76,"column":3}},"line":58},"6":{"name":"(anonymous_6)","decl":{"start":{"line":78,"column":35},"end":{"line":78,"column":36}},"loc":{"start":{"line":78,"column":55},"end":{"line":91,"column":3}},"line":78}},"branchMap":{"0":{"loc":{"start":{"line":23,"column":4},"end":{"line":23,"column":75}},"type":"if","locations":[{"start":{"line":23,"column":4},"end":{"line":23,"column":75}},{"start":{},"end":{}}],"line":23},"1":{"loc":{"start":{"line":24,"column":4},"end":{"line":33,"column":5}},"type":"if","locations":[{"start":{"line":24,"column":4},"end":{"line":33,"column":5}},{"start":{},"end":{}}],"line":24},"2":{"loc":{"start":{"line":43,"column":4},"end":{"line":43,"column":68}},"type":"if","locations":[{"start":{"line":43,"column":4},"end":{"line":43,"column":68}},{"start":{},"end":{}}],"line":43},"3":{"loc":{"start":{"line":60,"column":4},"end":{"line":60,"column":87}},"type":"if","locations":[{"start":{"line":60,"column":4},"end":{"line":60,"column":87}},{"start":{},"end":{}}],"line":60},"4":{"loc":{"start":{"line":60,"column":8},"end":{"line":60,"column":29}},"type":"binary-expr","locations":[{"start":{"line":60,"column":8},"end":{"line":60,"column":13}},{"start":{"line":60,"column":17},"end":{"line":60,"column":29}}],"line":60},"5":{"loc":{"start":{"line":81,"column":4},"end":{"line":81,"column":102}},"type":"if","locations":[{"start":{"line":81,"column":4},"end":{"line":81,"column":102}},{"start":{},"end":{}}],"line":81}},"s":{"0":3,"1":3,"2":3,"3":3,"4":1,"5":3,"6":3,"7":3,"8":3,"9":1,"10":2,"11":1,"12":1,"13":1,"14":1,"15":1,"16":3,"17":2,"18":2,"19":2,"20":1,"21":1,"22":1,"23":1,"24":3,"25":1,"26":3,"27":2,"28":2,"29":1,"30":1,"31":1,"32":1,"33":1,"34":1,"35":1,"36":1,"37":1,"38":3,"39":2,"40":2,"41":2,"42":1,"43":1,"44":1,"45":1,"46":1,"47":3,"48":3},"f":{"0":1,"1":3,"2":3,"3":2,"4":1,"5":2,"6":2},"b":{"0":[1,2],"1":[1,1],"2":[1,1],"3":[1,1],"4":[2,1],"5":[1,1]},"_coverageSchema":"1a1c01bbd47fc00a2c39e90264f33305004495a9","hash":"6ae9f02df41a043ca08f670271ce3b335c17e289"}
,"C:\\Users\\felipe\\Documents\\My Codes\\checklist-compras\\website\\services\\authService.js": {"path":"C:\\Users\\felipe\\Documents\\My Codes\\checklist-compras\\website\\services\\authService.js","statementMap":{"0":{"start":{"line":1,"column":12},"end":{"line":1,"column":35}},"1":{"start":{"line":2,"column":15},"end":{"line":2,"column":32}},"2":{"start":{"line":3,"column":15},"end":{"line":3,"column":32}},"3":{"start":{"line":6,"column":19},"end":{"line":6,"column":41}},"4":{"start":{"line":7,"column":28},"end":{"line":7,"column":33}},"5":{"start":{"line":8,"column":32},"end":{"line":8,"column":56}},"6":{"start":{"line":9,"column":22},"end":{"line":9,"column":55}},"7":{"start":{"line":12,"column":2},"end":{"line":12,"column":54}},"8":{"start":{"line":16,"column":2},"end":{"line":16,"column":39}},"9":{"start":{"line":20,"column":2},"end":{"line":20,"column":48}},"10":{"start":{"line":24,"column":2},"end":{"line":24,"column":43}},"11":{"start":{"line":28,"column":2},"end":{"line":28,"column":37}},"12":{"start":{"line":32,"column":15},"end":{"line":32,"column":44}},"13":{"start":{"line":33,"column":20},"end":{"line":33,"column":66}},"14":{"start":{"line":34,"column":2},"end":{"line":34,"column":98}},"15":{"start":{"line":38,"column":15},"end":{"line":40,"column":42}},"16":{"start":{"line":42,"column":2},"end":{"line":45,"column":3}},"17":{"start":{"line":43,"column":18},"end":{"line":43,"column":69}},"18":{"start":{"line":44,"column":4},"end":{"line":44,"column":26}},"19":{"start":{"line":44,"column":15},"end":{"line":44,"column":26}},"20":{"start":{"line":46,"column":2},"end":{"line":46,"column":14}},"21":{"start":{"line":50,"column":2},"end":{"line":50,"column":27}},"22":{"start":{"line":54,"column":2},"end":{"line":54,"column":93}},"23":{"start":{"line":55,"column":19},"end":{"line":55,"column":41}},"24":{"start":{"line":56,"column":2},"end":{"line":56,"column":47}},"25":{"start":{"line":57,"column":2},"end":{"line":57,"column":22}},"26":{"start":{"line":60,"column":0},"end":{"line":70,"column":2}}},"fnMap":{"0":{"name":"signAccessToken","decl":{"start":{"line":11,"column":9},"end":{"line":11,"column":24}},"loc":{"start":{"line":11,"column":67},"end":{"line":13,"column":1}},"line":11},"1":{"name":"verifyAccessToken","decl":{"start":{"line":15,"column":9},"end":{"line":15,"column":26}},"loc":{"start":{"line":15,"column":34},"end":{"line":17,"column":1}},"line":15},"2":{"name":"generateRefreshToken","decl":{"start":{"line":19,"column":9},"end":{"line":19,"column":29}},"loc":{"start":{"line":19,"column":32},"end":{"line":21,"column":1}},"line":19},"3":{"name":"hashRefreshToken","decl":{"start":{"line":23,"column":15},"end":{"line":23,"column":31}},"loc":{"start":{"line":23,"column":39},"end":{"line":25,"column":1}},"line":23},"4":{"name":"verifyRefreshTokenHash","decl":{"start":{"line":27,"column":15},"end":{"line":27,"column":37}},"loc":{"start":{"line":27,"column":51},"end":{"line":29,"column":1}},"line":27},"5":{"name":"saveRefreshToken","decl":{"start":{"line":31,"column":15},"end":{"line":31,"column":31}},"loc":{"start":{"line":31,"column":51},"end":{"line":35,"column":1}},"line":31},"6":{"name":"validateRefreshToken","decl":{"start":{"line":37,"column":15},"end":{"line":37,"column":35}},"loc":{"start":{"line":37,"column":55},"end":{"line":47,"column":1}},"line":37},"7":{"name":"decodeWithoutVerify","decl":{"start":{"line":49,"column":9},"end":{"line":49,"column":28}},"loc":{"start":{"line":49,"column":36},"end":{"line":51,"column":1}},"line":49},"8":{"name":"rotateRefreshToken","decl":{"start":{"line":53,"column":15},"end":{"line":53,"column":33}},"loc":{"start":{"line":53,"column":57},"end":{"line":58,"column":1}},"line":53}},"branchMap":{"0":{"loc":{"start":{"line":11,"column":34},"end":{"line":11,"column":65}},"type":"default-arg","locations":[{"start":{"line":11,"column":46},"end":{"line":11,"column":65}}],"line":11},"1":{"loc":{"start":{"line":44,"column":4},"end":{"line":44,"column":26}},"type":"if","locations":[{"start":{"line":44,"column":4},"end":{"line":44,"column":26}},{"start":{},"end":{}}],"line":44}},"s":{"0":6,"1":6,"2":6,"3":6,"4":6,"5":6,"6":6,"7":50,"8":44,"9":25,"10":21,"11":9,"12":18,"13":18,"14":18,"15":15,"16":14,"17":7,"18":7,"19":6,"20":8,"21":6,"22":5,"23":5,"24":5,"25":5,"26":6},"f":{"0":50,"1":44,"2":25,"3":21,"4":9,"5":18,"6":15,"7":6,"8":5},"b":{"0":[40],"1":[6,1]},"_coverageSchema":"1a1c01bbd47fc00a2c39e90264f33305004495a9","hash":"469f3b2a6521084928bcc7da7d8d0d626dfdb796"}
,"C:\\Users\\felipe\\Documents\\My Codes\\checklist-compras\\website\\services\\inviteService.js": {"path":"C:\\Users\\felipe\\Documents\\My Codes\\checklist-compras\\website\\services\\inviteService.js","statementMap":{"0":{"start":{"line":1,"column":15},"end":{"line":1,"column":32}},"1":{"start":{"line":3,"column":25},"end":{"line":3,"column":44}},"2":{"start":{"line":6,"column":16},"end":{"line":6,"column":54}},"3":{"start":{"line":7,"column":20},"end":{"line":7,"column":59}},"4":{"start":{"line":8,"column":2},"end":{"line":13,"column":5}},"5":{"start":{"line":14,"column":2},"end":{"line":14,"column":15}},"6":{"start":{"line":18,"column":17},"end":{"line":21,"column":12}},"7":{"start":{"line":22,"column":2},"end":{"line":22,"column":24}},"8":{"start":{"line":26,"column":17},"end":{"line":26,"column":48}},"9":{"start":{"line":27,"column":2},"end":{"line":27,"column":27}},"10":{"start":{"line":27,"column":15},"end":{"line":27,"column":27}},"11":{"start":{"line":29,"column":2},"end":{"line":29,"column":80}},"12":{"start":{"line":30,"column":2},"end":{"line":34,"column":5}},"13":{"start":{"line":35,"column":2},"end":{"line":35,"column":26}},"14":{"start":{"line":38,"column":0},"end":{"line":38,"column":64}}},"fnMap":{"0":{"name":"createInvite","decl":{"start":{"line":5,"column":15},"end":{"line":5,"column":27}},"loc":{"start":{"line":5,"column":50},"end":{"line":15,"column":1}},"line":5},"1":{"name":"validateInvite","decl":{"start":{"line":17,"column":15},"end":{"line":17,"column":29}},"loc":{"start":{"line":17,"column":41},"end":{"line":23,"column":1}},"line":17},"2":{"name":"acceptInvite","decl":{"start":{"line":25,"column":15},"end":{"line":25,"column":27}},"loc":{"start":{"line":25,"column":47},"end":{"line":36,"column":1}},"line":25}},"branchMap":{"0":{"loc":{"start":{"line":22,"column":9},"end":{"line":22,"column":23}},"type":"binary-expr","locations":[{"start":{"line":22,"column":9},"end":{"line":22,"column":15}},{"start":{"line":22,"column":19},"end":{"line":22,"column":23}}],"line":22},"1":{"loc":{"start":{"line":27,"column":2},"end":{"line":27,"column":27}},"type":"if","locations":[{"start":{"line":27,"column":2},"end":{"line":27,"column":27}},{"start":{},"end":{}}],"line":27}},"s":{"0":4,"1":4,"2":5,"3":5,"4":5,"5":5,"6":9,"7":9,"8":3,"9":3,"10":1,"11":2,"12":2,"13":2,"14":4},"f":{"0":5,"1":9,"2":3},"b":{"0":[9,5],"1":[1,2]},"_coverageSchema":"1a1c01bbd47fc00a2c39e90264f33305004495a9","hash":"0a3ed7030b06d88b64db666951b0b7d11dab08c1"}
,"C:\\Users\\felipe\\Documents\\My Codes\\checklist-compras\\website\\services\\itemService.js": {"path":"C:\\Users\\felipe\\Documents\\My Codes\\checklist-compras\\website\\services\\itemService.js","statementMap":{"0":{"start":{"line":2,"column":2},"end":{"line":5,"column":5}},"1":{"start":{"line":3,"column":4},"end":{"line":3,"column":85}},"2":{"start":{"line":4,"column":4},"end":{"line":4,"column":19}},"3":{"start":{"line":9,"column":2},"end":{"line":17,"column":5}},"4":{"start":{"line":10,"column":18},"end":{"line":10,"column":78}},"5":{"start":{"line":11,"column":4},"end":{"line":15,"column":5}},"6":{"start":{"line":12,"column":6},"end":{"line":12,"column":93}},"7":{"start":{"line":14,"column":6},"end":{"line":14,"column":94}},"8":{"start":{"line":16,"column":4},"end":{"line":16,"column":17}},"9":{"start":{"line":21,"column":2},"end":{"line":26,"column":5}},"10":{"start":{"line":22,"column":19},"end":{"line":24,"column":21}},"11":{"start":{"line":25,"column":4},"end":{"line":25,"column":16}},"12":{"start":{"line":30,"column":2},"end":{"line":32,"column":4}},"13":{"start":{"line":31,"column":4},"end":{"line":31,"column":71}},"14":{"start":{"line":36,"column":2},"end":{"line":40,"column":4}},"15":{"start":{"line":37,"column":4},"end":{"line":39,"column":60}},"16":{"start":{"line":44,"column":2},"end":{"line":48,"column":4}},"17":{"start":{"line":45,"column":4},"end":{"line":47,"column":53}},"18":{"start":{"line":52,"column":2},"end":{"line":54,"column":4}},"19":{"start":{"line":53,"column":4},"end":{"line":53,"column":69}},"20":{"start":{"line":57,"column":0},"end":{"line":57,"column":97}}},"fnMap":{"0":{"name":"withTenant","decl":{"start":{"line":1,"column":9},"end":{"line":1,"column":19}},"loc":{"start":{"line":1,"column":38},"end":{"line":6,"column":1}},"line":1},"1":{"name":"(anonymous_1)","decl":{"start":{"line":2,"column":24},"end":{"line":2,"column":25}},"loc":{"start":{"line":2,"column":39},"end":{"line":5,"column":3}},"line":2},"2":{"name":"listItems","decl":{"start":{"line":8,"column":15},"end":{"line":8,"column":24}},"loc":{"start":{"line":8,"column":47},"end":{"line":18,"column":1}},"line":8},"3":{"name":"(anonymous_3)","decl":{"start":{"line":9,"column":34},"end":{"line":9,"column":35}},"loc":{"start":{"line":9,"column":43},"end":{"line":17,"column":3}},"line":9},"4":{"name":"addItem","decl":{"start":{"line":20,"column":15},"end":{"line":20,"column":22}},"loc":{"start":{"line":20,"column":47},"end":{"line":27,"column":1}},"line":20},"5":{"name":"(anonymous_5)","decl":{"start":{"line":21,"column":34},"end":{"line":21,"column":35}},"loc":{"start":{"line":21,"column":49},"end":{"line":26,"column":3}},"line":21},"6":{"name":"checkItem","decl":{"start":{"line":29,"column":15},"end":{"line":29,"column":24}},"loc":{"start":{"line":29,"column":52},"end":{"line":33,"column":1}},"line":29},"7":{"name":"(anonymous_7)","decl":{"start":{"line":30,"column":34},"end":{"line":30,"column":35}},"loc":{"start":{"line":31,"column":4},"end":{"line":31,"column":71}},"line":31},"8":{"name":"archiveChecked","decl":{"start":{"line":35,"column":15},"end":{"line":35,"column":29}},"loc":{"start":{"line":35,"column":44},"end":{"line":41,"column":1}},"line":35},"9":{"name":"(anonymous_9)","decl":{"start":{"line":36,"column":34},"end":{"line":36,"column":35}},"loc":{"start":{"line":37,"column":4},"end":{"line":39,"column":60}},"line":37},"10":{"name":"listArchived","decl":{"start":{"line":43,"column":15},"end":{"line":43,"column":27}},"loc":{"start":{"line":43,"column":42},"end":{"line":49,"column":1}},"line":43},"11":{"name":"(anonymous_11)","decl":{"start":{"line":44,"column":34},"end":{"line":44,"column":35}},"loc":{"start":{"line":45,"column":4},"end":{"line":47,"column":53}},"line":45},"12":{"name":"deleteArchived","decl":{"start":{"line":51,"column":15},"end":{"line":51,"column":29}},"loc":{"start":{"line":51,"column":44},"end":{"line":55,"column":1}},"line":51},"13":{"name":"(anonymous_13)","decl":{"start":{"line":52,"column":34},"end":{"line":52,"column":35}},"loc":{"start":{"line":53,"column":4},"end":{"line":53,"column":69}},"line":53}},"branchMap":{"0":{"loc":{"start":{"line":11,"column":4},"end":{"line":15,"column":5}},"type":"if","locations":[{"start":{"line":11,"column":4},"end":{"line":15,"column":5}},{"start":{"line":13,"column":11},"end":{"line":15,"column":5}}],"line":11}},"s":{"0":28,"1":28,"2":28,"3":3,"4":3,"5":3,"6":1,"7":2,"8":3,"9":13,"10":13,"11":13,"12":4,"13":4,"14":4,"15":4,"16":2,"17":2,"18":2,"19":2,"20":4},"f":{"0":28,"1":28,"2":3,"3":3,"4":13,"5":13,"6":4,"7":4,"8":4,"9":4,"10":2,"11":2,"12":2,"13":2},"b":{"0":[1,2]},"_coverageSchema":"1a1c01bbd47fc00a2c39e90264f33305004495a9","hash":"2faabcb358d13543c9b8fffa195fa5b00680c0e3"}
}
