{"C:\\Users\\felipe\\Documents\\My Codes\\checklist-compras\\website\\middleware\\auth.js": {"path":"C:\\Users\\felipe\\Documents\\My Codes\\checklist-compras\\website\\middleware\\auth.js","statementMap":{"0":{"start":{"line":1,"column":12},"end":{"line":1,"column":35}},"1":{"start":{"line":2,"column":20},"end":{"line":2,"column":54}},"2":{"start":{"line":4,"column":20},"end":{"line":8,"column":1}},"3":{"start":{"line":11,"column":2},"end":{"line":27,"column":4}},"4":{"start":{"line":12,"column":24},"end":{"line":12,"column":63}},"5":{"start":{"line":14,"column":4},"end":{"line":16,"column":5}},"6":{"start":{"line":15,"column":6},"end":{"line":15,"column":51}},"7":{"start":{"line":18,"column":4},"end":{"line":26,"column":5}},"8":{"start":{"line":19,"column":6},"end":{"line":19,"column":60}},"9":{"start":{"line":20,"column":6},"end":{"line":20,"column":20}},"10":{"start":{"line":22,"column":6},"end":{"line":24,"column":7}},"11":{"start":{"line":23,"column":8},"end":{"line":23,"column":72}},"12":{"start":{"line":25,"column":6},"end":{"line":25,"column":36}},"13":{"start":{"line":31,"column":23},"end":{"line":31,"column":63}},"14":{"start":{"line":32,"column":2},"end":{"line":32,"column":63}},"15":{"start":{"line":32,"column":33},"end":{"line":32,"column":63}},"16":{"start":{"line":34,"column":2},"end":{"line":51,"column":3}},"17":{"start":{"line":35,"column":19},"end":{"line":35,"column":30}},"18":{"start":{"line":36,"column":19},"end":{"line":36,"column":83}},"19":{"start":{"line":37,"column":4},"end":{"line":37,"column":47}},"20":{"start":{"line":37,"column":17},"end":{"line":37,"column":47}},"21":{"start":{"line":39,"column":25},"end":{"line":39,"column":81}},"22":{"start":{"line":40,"column":17},"end":{"line":40,"column":64}},"23":{"start":{"line":41,"column":20},"end":{"line":41,"column":55}},"24":{"start":{"line":42,"column":4},"end":{"line":42,"column":62}},"25":{"start":{"line":42,"column":26},"end":{"line":42,"column":62}},"26":{"start":{"line":44,"column":22},"end":{"line":44,"column":58}},"27":{"start":{"line":45,"column":4},"end":{"line":45,"column":55}},"28":{"start":{"line":46,"column":4},"end":{"line":46,"column":55}},"29":{"start":{"line":47,"column":4},"end":{"line":47,"column":56}},"30":{"start":{"line":48,"column":4},"end":{"line":48,"column":18}},"31":{"start":{"line":50,"column":4},"end":{"line":50,"column":34}},"32":{"start":{"line":55,"column":2},"end":{"line":72,"column":4}},"33":{"start":{"line":56,"column":21},"end":{"line":56,"column":50}},"34":{"start":{"line":57,"column":4},"end":{"line":57,"column":70}},"35":{"start":{"line":57,"column":19},"end":{"line":57,"column":70}},"36":{"start":{"line":59,"column":4},"end":{"line":71,"column":5}},"37":{"start":{"line":60,"column":21},"end":{"line":62,"column":16}},"38":{"start":{"line":64,"column":6},"end":{"line":64,"column":70}},"39":{"start":{"line":64,"column":19},"end":{"line":64,"column":70}},"40":{"start":{"line":66,"column":6},"end":{"line":66,"column":30}},"41":{"start":{"line":67,"column":6},"end":{"line":67,"column":18}},"42":{"start":{"line":68,"column":6},"end":{"line":68,"column":20}},"43":{"start":{"line":70,"column":6},"end":{"line":70,"column":57}},"44":{"start":{"line":75,"column":0},"end":{"line":75,"column":69}}},"fnMap":{"0":{"name":"makeRequireAuth","decl":{"start":{"line":10,"column":9},"end":{"line":10,"column":24}},"loc":{"start":{"line":10,"column":29},"end":{"line":28,"column":1}},"line":10},"1":{"name":"requireAuth","decl":{"start":{"line":11,"column":24},"end":{"line":11,"column":35}},"loc":{"start":{"line":11,"column":52},"end":{"line":27,"column":3}},"line":11},"2":{"name":"_tryRefresh","decl":{"start":{"line":30,"column":15},"end":{"line":30,"column":26}},"loc":{"start":{"line":30,"column":56},"end":{"line":52,"column":1}},"line":30},"3":{"name":"makeRequireTenant","decl":{"start":{"line":54,"column":9},"end":{"line":54,"column":26}},"loc":{"start":{"line":54,"column":31},"end":{"line":73,"column":1}},"line":54},"4":{"name":"requireTenant","decl":{"start":{"line":55,"column":24},"end":{"line":55,"column":37}},"loc":{"start":{"line":55,"column":54},"end":{"line":72,"column":3}},"line":55}},"branchMap":{"0":{"loc":{"start":{"line":12,"column":24},"end":{"line":12,"column":63}},"type":"binary-expr","locations":[{"start":{"line":12,"column":24},"end":{"line":12,"column":35}},{"start":{"line":12,"column":39},"end":{"line":12,"column":63}}],"line":12},"1":{"loc":{"start":{"line":14,"column":4},"end":{"line":16,"column":5}},"type":"if","locations":[{"start":{"line":14,"column":4},"end":{"line":16,"column":5}},{"start":{},"end":{}}],"line":14},"2":{"loc":{"start":{"line":22,"column":6},"end":{"line":24,"column":7}},"type":"if","locations":[{"start":{"line":22,"column":6},"end":{"line":24,"column":7}},{"start":{},"end":{}}],"line":22},"3":{"loc":{"start":{"line":31,"column":23},"end":{"line":31,"column":63}},"type":"binary-expr","locations":[{"start":{"line":31,"column":23},"end":{"line":31,"column":34}},{"start":{"line":31,"column":38},"end":{"line":31,"column":63}}],"line":31},"4":{"loc":{"start":{"line":32,"column":2},"end":{"line":32,"column":63}},"type":"if","locations":[{"start":{"line":32,"column":2},"end":{"line":32,"column":63}},{"start":{},"end":{}}],"line":32},"5":{"loc":{"start":{"line":32,"column":6},"end":{"line":32,"column":31}},"type":"binary-expr","locations":[{"start":{"line":32,"column":6},"end":{"line":32,"column":19}},{"start":{"line":32,"column":23},"end":{"line":32,"column":31}}],"line":32},"6":{"loc":{"start":{"line":37,"column":4},"end":{"line":37,"column":47}},"type":"if","locations":[{"start":{"line":37,"column":4},"end":{"line":37,"column":47}},{"start":{},"end":{}}],"line":37},"7":{"loc":{"start":{"line":42,"column":4},"end":{"line":42,"column":62}},"type":"if","locations":[{"start":{"line":42,"column":4},"end":{"line":42,"column":62}},{"start":{},"end":{}}],"line":42},"8":{"loc":{"start":{"line":56,"column":21},"end":{"line":56,"column":50}},"type":"binary-expr","locations":[{"start":{"line":56,"column":21},"end":{"line":56,"column":29}},{"start":{"line":56,"column":33},"end":{"line":56,"column":50}}],"line":56},"9":{"loc":{"start":{"line":57,"column":4},"end":{"line":57,"column":70}},"type":"if","locations":[{"start":{"line":57,"column":4},"end":{"line":57,"column":70}},{"start":{},"end":{}}],"line":57},"10":{"loc":{"start":{"line":64,"column":6},"end":{"line":64,"column":70}},"type":"if","locations":[{"start":{"line":64,"column":6},"end":{"line":64,"column":70}},{"start":{},"end":{}}],"line":64}},"s":{"0":5,"1":5,"2":5,"3":5,"4":50,"5":50,"6":4,"7":46,"8":46,"9":41,"10":5,"11":4,"12":1,"13":8,"14":8,"15":4,"16":4,"17":4,"18":4,"19":3,"20":1,"21":2,"22":2,"23":2,"24":2,"25":1,"26":2,"27":2,"28":2,"29":2,"30":2,"31":1,"32":5,"33":31,"34":31,"35":2,"36":29,"37":29,"38":28,"39":2,"40":26,"41":26,"42":26,"43":1,"44":5},"f":{"0":5,"1":50,"2":8,"3":5,"4":31},"b":{"0":[50,50],"1":[4,46],"2":[4,1],"3":[8,8],"4":[4,4],"5":[8,4],"6":[1,2],"7":[1,1],"8":[31,31],"9":[2,29],"10":[2,26]},"_coverageSchema":"1a1c01bbd47fc00a2c39e90264f33305004495a9","hash":"70e79909b24827426c55e49cee65a3ec46fc7087"}
,"C:\\Users\\felipe\\Documents\\My Codes\\checklist-compras\\website\\routes\\auth.js": {"path":"C:\\Users\\felipe\\Documents\\My Codes\\checklist-compras\\website\\routes\\auth.js","statementMap":{"0":{"start":{"line":1,"column":16},"end":{"line":1,"column":34}},"1":{"start":{"line":2,"column":17},"end":{"line":2,"column":36}},"2":{"start":{"line":3,"column":20},"end":{"line":3,"column":54}},"3":{"start":{"line":4,"column":24},"end":{"line":4,"column":53}},"4":{"start":{"line":7,"column":15},"end":{"line":7,"column":23}},"5":{"start":{"line":8,"column":22},"end":{"line":8,"column":86}},"6":{"start":{"line":9,"column":23},"end":{"line":9,"column":57}},"7":{"start":{"line":10,"column":2},"end":{"line":10,"column":64}},"8":{"start":{"line":11,"column":2},"end":{"line":11,"column":55}},"9":{"start":{"line":12,"column":2},"end":{"line":12,"column":57}},"10":{"start":{"line":13,"column":2},"end":{"line":13,"column":36}},"11":{"start":{"line":17,"column":17},"end":{"line":17,"column":33}},"12":{"start":{"line":19,"column":2},"end":{"line":19,"column":59}},"13":{"start":{"line":19,"column":38},"end":{"line":19,"column":57}},"14":{"start":{"line":21,"column":2},"end":{"line":23,"column":4}},"15":{"start":{"line":25,"column":2},"end":{"line":28,"column":4}},"16":{"start":{"line":30,"column":2},"end":{"line":62,"column":5}},"17":{"start":{"line":31,"column":25},"end":{"line":31,"column":65}},"18":{"start":{"line":32,"column":24},"end":{"line":32,"column":63}},"19":{"start":{"line":34,"column":4},"end":{"line":34,"column":77}},"20":{"start":{"line":34,"column":23},"end":{"line":34,"column":77}},"21":{"start":{"line":36,"column":18},"end":{"line":36,"column":22}},"22":{"start":{"line":37,"column":4},"end":{"line":45,"column":5}},"23":{"start":{"line":38,"column":6},"end":{"line":44,"column":7}},"24":{"start":{"line":39,"column":8},"end":{"line":39,"column":61}},"25":{"start":{"line":41,"column":8},"end":{"line":43,"column":9}},"26":{"start":{"line":42,"column":10},"end":{"line":42,"column":65}},"27":{"start":{"line":47,"column":4},"end":{"line":47,"column":72}},"28":{"start":{"line":47,"column":18},"end":{"line":47,"column":72}},"29":{"start":{"line":49,"column":19},"end":{"line":49,"column":30}},"30":{"start":{"line":50,"column":19},"end":{"line":50,"column":83}},"31":{"start":{"line":51,"column":4},"end":{"line":51,"column":71}},"32":{"start":{"line":51,"column":17},"end":{"line":51,"column":71}},"33":{"start":{"line":53,"column":25},"end":{"line":53,"column":81}},"34":{"start":{"line":54,"column":17},"end":{"line":54,"column":64}},"35":{"start":{"line":55,"column":20},"end":{"line":55,"column":55}},"36":{"start":{"line":56,"column":4},"end":{"line":56,"column":62}},"37":{"start":{"line":56,"column":26},"end":{"line":56,"column":62}},"38":{"start":{"line":58,"column":27},"end":{"line":58,"column":63}},"39":{"start":{"line":59,"column":4},"end":{"line":59,"column":60}},"40":{"start":{"line":60,"column":4},"end":{"line":60,"column":55}},"41":{"start":{"line":61,"column":4},"end":{"line":61,"column":39}},"42":{"start":{"line":64,"column":2},"end":{"line":81,"column":5}},"43":{"start":{"line":65,"column":25},"end":{"line":65,"column":65}},"44":{"start":{"line":66,"column":24},"end":{"line":66,"column":63}},"45":{"start":{"line":68,"column":4},"end":{"line":76,"column":5}},"46":{"start":{"line":69,"column":6},"end":{"line":75,"column":7}},"47":{"start":{"line":70,"column":24},"end":{"line":70,"column":66}},"48":{"start":{"line":71,"column":23},"end":{"line":71,"column":92}},"49":{"start":{"line":72,"column":8},"end":{"line":72,"column":108}},"50":{"start":{"line":72,"column":20},"end":{"line":72,"column":108}},"51":{"start":{"line":78,"column":4},"end":{"line":78,"column":49}},"52":{"start":{"line":79,"column":4},"end":{"line":79,"column":50}},"53":{"start":{"line":80,"column":4},"end":{"line":80,"column":27}},"54":{"start":{"line":83,"column":2},"end":{"line":83,"column":16}},"55":{"start":{"line":86,"column":0},"end":{"line":86,"column":59}},"56":{"start":{"line":87,"column":0},"end":{"line":87,"column":32}}},"fnMap":{"0":{"name":"_handleOAuthCallback","decl":{"start":{"line":6,"column":15},"end":{"line":6,"column":35}},"loc":{"start":{"line":6,"column":50},"end":{"line":14,"column":1}},"line":6},"1":{"name":"makeAuthRouter","decl":{"start":{"line":16,"column":9},"end":{"line":16,"column":23}},"loc":{"start":{"line":16,"column":28},"end":{"line":84,"column":1}},"line":16},"2":{"name":"(anonymous_2)","decl":{"start":{"line":19,"column":23},"end":{"line":19,"column":24}},"loc":{"start":{"line":19,"column":38},"end":{"line":19,"column":57}},"line":19},"3":{"name":"(anonymous_3)","decl":{"start":{"line":30,"column":31},"end":{"line":30,"column":32}},"loc":{"start":{"line":30,"column":51},"end":{"line":62,"column":3}},"line":30},"4":{"name":"(anonymous_4)","decl":{"start":{"line":64,"column":30},"end":{"line":64,"column":31}},"loc":{"start":{"line":64,"column":50},"end":{"line":81,"column":3}},"line":64}},"branchMap":{"0":{"loc":{"start":{"line":31,"column":25},"end":{"line":31,"column":65}},"type":"binary-expr","locations":[{"start":{"line":31,"column":25},"end":{"line":31,"column":36}},{"start":{"line":31,"column":40},"end":{"line":31,"column":65}}],"line":31},"1":{"loc":{"start":{"line":32,"column":24},"end":{"line":32,"column":63}},"type":"binary-expr","locations":[{"start":{"line":32,"column":24},"end":{"line":32,"column":35}},{"start":{"line":32,"column":39},"end":{"line":32,"column":63}}],"line":32},"2":{"loc":{"start":{"line":34,"column":4},"end":{"line":34,"column":77}},"type":"if","locations":[{"start":{"line":34,"column":4},"end":{"line":34,"column":77}},{"start":{},"end":{}}],"line":34},"3":{"loc":{"start":{"line":37,"column":4},"end":{"line":45,"column":5}},"type":"if","locations":[{"start":{"line":37,"column":4},"end":{"line":45,"column":5}},{"start":{},"end":{}}],"line":37},"4":{"loc":{"start":{"line":41,"column":8},"end":{"line":43,"column":9}},"type":"if","locations":[{"start":{"line":41,"column":8},"end":{"line":43,"column":9}},{"start":{},"end":{}}],"line":41},"5":{"loc":{"start":{"line":47,"column":4},"end":{"line":47,"column":72}},"type":"if","locations":[{"start":{"line":47,"column":4},"end":{"line":47,"column":72}},{"start":{},"end":{}}],"line":47},"6":{"loc":{"start":{"line":51,"column":4},"end":{"line":51,"column":71}},"type":"if","locations":[{"start":{"line":51,"column":4},"end":{"line":51,"column":71}},{"start":{},"end":{}}],"line":51},"7":{"loc":{"start":{"line":56,"column":4},"end":{"line":56,"column":62}},"type":"if","locations":[{"start":{"line":56,"column":4},"end":{"line":56,"column":62}},{"start":{},"end":{}}],"line":56},"8":{"loc":{"start":{"line":65,"column":25},"end":{"line":65,"column":65}},"type":"binary-expr","locations":[{"start":{"line":65,"column":25},"end":{"line":65,"column":36}},{"start":{"line":65,"column":40},"end":{"line":65,"column":65}}],"line":65},"9":{"loc":{"start":{"line":66,"column":24},"end":{"line":66,"column":63}},"type":"binary-expr","locations":[{"start":{"line":66,"column":24},"end":{"line":66,"column":35}},{"start":{"line":66,"column":39},"end":{"line":66,"column":63}}],"line":66},"10":{"loc":{"start":{"line":68,"column":4},"end":{"line":76,"column":5}},"type":"if","locations":[{"start":{"line":68,"column":4},"end":{"line":76,"column":5}},{"start":{},"end":{}}],"line":68},"11":{"loc":{"start":{"line":68,"column":8},"end":{"line":68,"column":35}},"type":"binary-expr","locations":[{"start":{"line":68,"column":8},"end":{"line":68,"column":20}},{"start":{"line":68,"column":24},"end":{"line":68,"column":35}}],"line":68},"12":{"loc":{"start":{"line":72,"column":8},"end":{"line":72,"column":108}},"type":"if","locations":[{"start":{"line":72,"column":8},"end":{"line":72,"column":108}},{"start":{},"end":{}}],"line":72}},"s":{"0":3,"1":3,"2":3,"3":3,"4":1,"5":1,"6":1,"7":1,"8":1,"9":1,"10":1,"11":3,"12":3,"13":1,"14":3,"15":3,"16":3,"17":6,"18":6,"19":6,"20":1,"21":5,"22":5,"23":4,"24":4,"25":4,"26":3,"27":5,"28":2,"29":3,"30":3,"31":3,"32":1,"33":2,"34":2,"35":2,"36":2,"37":1,"38":2,"39":2,"40":2,"41":2,"42":3,"43":4,"44":4,"45":4,"46":3,"47":3,"48":2,"49":2,"50":1,"51":4,"52":4,"53":4,"54":3,"55":3,"56":3},"f":{"0":1,"1":3,"2":1,"3":6,"4":4},"b":{"0":[6,6],"1":[6,6],"2":[1,5],"3":[4,1],"4":[3,1],"5":[2,3],"6":[1,2],"7":[1,1],"8":[4,4],"9":[4,4],"10":[3,1],"11":[4,3],"12":[1,1]},"_coverageSchema":"1a1c01bbd47fc00a2c39e90264f33305004495a9","hash":"4c0071482861e5e18af775c91b7ba4b73825e964"}
,"C:\\Users\\felipe\\Documents\\My Codes\\checklist-compras\\website\\routes\\items.js": {"path":"C:\\Users\\felipe\\Documents\\My Codes\\checklist-compras\\website\\routes\\items.js","statementMap":{"0":{"start":{"line":1,"column":16},"end":{"line":1,"column":34}},"1":{"start":{"line":2,"column":14},"end":{"line":2,"column":30}},"2":{"start":{"line":3,"column":20},"end":{"line":3,"column":54}},"3":{"start":{"line":4,"column":22},"end":{"line":4,"column":58}},"4":{"start":{"line":7,"column":17},"end":{"line":7,"column":33}},"5":{"start":{"line":9,"column":2},"end":{"line":32,"column":5}},"6":{"start":{"line":10,"column":19},"end":{"line":10,"column":45}},"7":{"start":{"line":11,"column":44},"end":{"line":23,"column":6}},"8":{"start":{"line":25,"column":21},"end":{"line":25,"column":69}},"9":{"start":{"line":25,"column":41},"end":{"line":25,"column":62}},"10":{"start":{"line":26,"column":23},"end":{"line":26,"column":77}},"11":{"start":{"line":26,"column":51},"end":{"line":26,"column":69}},"12":{"start":{"line":28,"column":4},"end":{"line":31,"column":7}},"13":{"start":{"line":34,"column":2},"end":{"line":43,"column":5}},"14":{"start":{"line":35,"column":21},"end":{"line":35,"column":29}},"15":{"start":{"line":36,"column":4},"end":{"line":36,"column":87}},"16":{"start":{"line":36,"column":31},"end":{"line":36,"column":87}},"17":{"start":{"line":38,"column":20},"end":{"line":38,"column":76}},"18":{"start":{"line":39,"column":4},"end":{"line":39,"column":52}},"19":{"start":{"line":41,"column":4},"end":{"line":41,"column":57}},"20":{"start":{"line":41,"column":29},"end":{"line":41,"column":57}},"21":{"start":{"line":42,"column":4},"end":{"line":42,"column":41}},"22":{"start":{"line":45,"column":2},"end":{"line":53,"column":5}},"23":{"start":{"line":46,"column":28},"end":{"line":46,"column":36}},"24":{"start":{"line":47,"column":22},"end":{"line":47,"column":38}},"25":{"start":{"line":48,"column":4},"end":{"line":48,"column":65}},"26":{"start":{"line":49,"column":4},"end":{"line":49,"column":73}},"27":{"start":{"line":51,"column":4},"end":{"line":51,"column":57}},"28":{"start":{"line":51,"column":29},"end":{"line":51,"column":57}},"29":{"start":{"line":52,"column":4},"end":{"line":52,"column":46}},"30":{"start":{"line":55,"column":2},"end":{"line":73,"column":5}},"31":{"start":{"line":56,"column":4},"end":{"line":56,"column":55}},"32":{"start":{"line":57,"column":4},"end":{"line":57,"column":46}},"33":{"start":{"line":59,"column":20},"end":{"line":59,"column":40}},"34":{"start":{"line":60,"column":4},"end":{"line":69,"column":5}},"35":{"start":{"line":61,"column":6},"end":{"line":68,"column":7}},"36":{"start":{"line":62,"column":8},"end":{"line":65,"column":11}},"37":{"start":{"line":64,"column":33},"end":{"line":64,"column":52}},"38":{"start":{"line":71,"column":4},"end":{"line":71,"column":57}},"39":{"start":{"line":71,"column":29},"end":{"line":71,"column":57}},"40":{"start":{"line":72,"column":4},"end":{"line":72,"column":46}},"41":{"start":{"line":75,"column":2},"end":{"line":90,"column":5}},"42":{"start":{"line":76,"column":19},"end":{"line":76,"column":29}},"43":{"start":{"line":77,"column":38},"end":{"line":77,"column":46}},"44":{"start":{"line":79,"column":20},"end":{"line":79,"column":22}},"45":{"start":{"line":80,"column":4},"end":{"line":80,"column":75}},"46":{"start":{"line":80,"column":32},"end":{"line":80,"column":75}},"47":{"start":{"line":81,"column":4},"end":{"line":81,"column":71}},"48":{"start":{"line":81,"column":35},"end":{"line":81,"column":71}},"49":{"start":{"line":83,"column":4},"end":{"line":85,"column":5}},"50":{"start":{"line":84,"column":6},"end":{"line":84,"column":68}},"51":{"start":{"line":87,"column":4},"end":{"line":87,"column":64}},"52":{"start":{"line":88,"column":4},"end":{"line":88,"column":65}},"53":{"start":{"line":89,"column":4},"end":{"line":89,"column":46}},"54":{"start":{"line":92,"column":2},"end":{"line":95,"column":5}},"55":{"start":{"line":93,"column":18},"end":{"line":93,"column":66}},"56":{"start":{"line":94,"column":4},"end":{"line":94,"column":39}},"57":{"start":{"line":97,"column":2},"end":{"line":100,"column":5}},"58":{"start":{"line":98,"column":4},"end":{"line":98,"column":55}},"59":{"start":{"line":99,"column":4},"end":{"line":99,"column":46}},"60":{"start":{"line":102,"column":2},"end":{"line":113,"column":5}},"61":{"start":{"line":104,"column":19},"end":{"line":106,"column":14}},"62":{"start":{"line":108,"column":4},"end":{"line":108,"column":95}},"63":{"start":{"line":108,"column":44},"end":{"line":108,"column":95}},"64":{"start":{"line":110,"column":18},"end":{"line":110,"column":82}},"65":{"start":{"line":111,"column":19},"end":{"line":111,"column":92}},"66":{"start":{"line":112,"column":4},"end":{"line":112,"column":80}},"67":{"start":{"line":115,"column":2},"end":{"line":115,"column":16}},"68":{"start":{"line":118,"column":0},"end":{"line":118,"column":33}}},"fnMap":{"0":{"name":"makeItemsRouter","decl":{"start":{"line":6,"column":9},"end":{"line":6,"column":24}},"loc":{"start":{"line":6,"column":61},"end":{"line":116,"column":1}},"line":6},"1":{"name":"(anonymous_1)","decl":{"start":{"line":9,"column":49},"end":{"line":9,"column":50}},"loc":{"start":{"line":9,"column":69},"end":{"line":32,"column":3}},"line":9},"2":{"name":"(anonymous_2)","decl":{"start":{"line":25,"column":34},"end":{"line":25,"column":35}},"loc":{"start":{"line":25,"column":41},"end":{"line":25,"column":62}},"line":25},"3":{"name":"(anonymous_3)","decl":{"start":{"line":26,"column":44},"end":{"line":26,"column":45}},"loc":{"start":{"line":26,"column":51},"end":{"line":26,"column":69}},"line":26},"4":{"name":"(anonymous_4)","decl":{"start":{"line":34,"column":54},"end":{"line":34,"column":55}},"loc":{"start":{"line":34,"column":74},"end":{"line":43,"column":3}},"line":34},"5":{"name":"(anonymous_5)","decl":{"start":{"line":45,"column":56},"end":{"line":45,"column":57}},"loc":{"start":{"line":45,"column":76},"end":{"line":53,"column":3}},"line":45},"6":{"name":"(anonymous_6)","decl":{"start":{"line":55,"column":64},"end":{"line":55,"column":65}},"loc":{"start":{"line":55,"column":84},"end":{"line":73,"column":3}},"line":55},"7":{"name":"(anonymous_7)","decl":{"start":{"line":64,"column":26},"end":{"line":64,"column":27}},"loc":{"start":{"line":64,"column":33},"end":{"line":64,"column":52}},"line":64},"8":{"name":"(anonymous_8)","decl":{"start":{"line":75,"column":60},"end":{"line":75,"column":61}},"loc":{"start":{"line":75,"column":80},"end":{"line":90,"column":3}},"line":75},"9":{"name":"(anonymous_9)","decl":{"start":{"line":92,"column":65},"end":{"line":92,"column":66}},"loc":{"start":{"line":92,"column":85},"end":{"line":95,"column":3}},"line":92},"10":{"name":"(anonymous_10)","decl":{"start":{"line":97,"column":68},"end":{"line":97,"column":69}},"loc":{"start":{"line":97,"column":88},"end":{"line":100,"column":3}},"line":97},"11":{"name":"(anonymous_11)","decl":{"start":{"line":102,"column":63},"end":{"line":102,"column":64}},"loc":{"start":{"line":102,"column":83},"end":{"line":113,"column":3}},"line":102}},"branchMap":{"0":{"loc":{"start":{"line":10,"column":19},"end":{"line":10,"column":45}},"type":"binary-expr","locations":[{"start":{"line":10,"column":19},"end":{"line":10,"column":35}},{"start":{"line":10,"column":39},"end":{"line":10,"column":45}}],"line":10},"1":{"loc":{"start":{"line":36,"column":4},"end":{"line":36,"column":87}},"type":"if","locations":[{"start":{"line":36,"column":4},"end":{"line":36,"column":87}},{"start":{},"end":{}}],"line":36},"2":{"loc":{"start":{"line":36,"column":8},"end":{"line":36,"column":29}},"type":"binary-expr","locations":[{"start":{"line":36,"column":8},"end":{"line":36,"column":13}},{"start":{"line":36,"column":17},"end":{"line":36,"column":29}}],"line":36},"3":{"loc":{"start":{"line":41,"column":4},"end":{"line":41,"column":57}},"type":"if","locations":[{"start":{"line":41,"column":4},"end":{"line":41,"column":57}},{"start":{},"end":{}}],"line":41},"4":{"loc":{"start":{"line":51,"column":4},"end":{"line":51,"column":57}},"type":"if","locations":[{"start":{"line":51,"column":4},"end":{"line":51,"column":57}},{"start":{},"end":{}}],"line":51},"5":{"loc":{"start":{"line":60,"column":4},"end":{"line":69,"column":5}},"type":"if","locations":[{"start":{"line":60,"column":4},"end":{"line":69,"column":5}},{"start":{},"end":{}}],"line":60},"6":{"loc":{"start":{"line":64,"column":33},"end":{"line":64,"column":52}},"type":"binary-expr","locations":[{"start":{"line":64,"column":33},"end":{"line":64,"column":41}},{"start":{"line":64,"column":45},"end":{"line":64,"column":52}}],"line":64},"7":{"loc":{"start":{"line":71,"column":4},"end":{"line":71,"column":57}},"type":"if","locations":[{"start":{"line":71,"column":4},"end":{"line":71,"column":57}},{"start":{},"end":{}}],"line":71},"8":{"loc":{"start":{"line":80,"column":4},"end":{"line":80,"column":75}},"type":"if","locations":[{"start":{"line":80,"column":4},"end":{"line":80,"column":75}},{"start":{},"end":{}}],"line":80},"9":{"loc":{"start":{"line":80,"column":51},"end":{"line":80,"column":74}},"type":"binary-expr","locations":[{"start":{"line":80,"column":51},"end":{"line":80,"column":66}},{"start":{"line":80,"column":70},"end":{"line":80,"column":74}}],"line":80},"10":{"loc":{"start":{"line":81,"column":4},"end":{"line":81,"column":71}},"type":"if","locations":[{"start":{"line":81,"column":4},"end":{"line":81,"column":71}},{"start":{},"end":{}}],"line":81},"11":{"loc":{"start":{"line":83,"column":4},"end":{"line":85,"column":5}},"type":"if","locations":[{"start":{"line":83,"column":4},"end":{"line":85,"column":5}},{"start":{},"end":{}}],"line":83},"12":{"loc":{"start":{"line":108,"column":4},"end":{"line":108,"column":95}},"type":"if","locations":[{"start":{"line":108,"column":4},"end":{"line":108,"column":95}},{"start":{},"end":{}}],"line":108},"13":{"loc":{"start":{"line":108,"column":8},"end":{"line":108,"column":42}},"type":"binary-expr","locations":[{"start":{"line":108,"column":8},"end":{"line":108,"column":15}},{"start":{"line":108,"column":19},"end":{"line":108,"column":42}}],"line":108},"14":{"loc":{"start":{"line":111,"column":19},"end":{"line":111,"column":92}},"type":"binary-expr","locations":[{"start":{"line":111,"column":19},"end":{"line":111,"column":38}}],"line":111}},"s":{"0":3,"1":3,"2":3,"3":3,"4":3,"5":3,"6":1,"7":1,"8":1,"9":1,"10":1,"11":1,"12":1,"13":3,"14":3,"15":3,"16":1,"17":2,"18":2,"19":2,"20":1,"21":1,"22":3,"23":3,"24":3,"25":3,"26":3,"27":3,"28":2,"29":1,"30":3,"31":4,"32":4,"33":4,"34":4,"35":2,"36":2,"37":2,"38":4,"39":3,"40":1,"41":3,"42":5,"43":5,"44":5,"45":5,"46":3,"47":5,"48":1,"49":5,"50":1,"51":4,"52":4,"53":4,"54":3,"55":1,"56":1,"57":3,"58":1,"59":1,"60":3,"61":2,"62":2,"63":1,"64":1,"65":1,"66":1,"67":3,"68":3},"f":{"0":3,"1":1,"2":1,"3":1,"4":3,"5":3,"6":4,"7":2,"8":5,"9":1,"10":1,"11":2},"b":{"0":[1,1],"1":[1,2],"2":[3,2],"3":[1,1],"4":[2,1],"5":[2,2],"6":[2,2],"7":[3,1],"8":[3,2],"9":[3,1],"10":[1,4],"11":[1,4],"12":[1,1],"13":[2,2],"14":[1]},"_coverageSchema":"1a1c01bbd47fc00a2c39e90264f33305004495a9","hash":"5e8c0977aa4c2f010bc2f3c0d29a8e844a0de827"}
,"C:\\Users\\felipe\\Documents\\My Codes\\checklist-compras\\website\\routes\\workspace.js": {"path":"C:\\Users\\felipe\\Documents\\My Codes\\checklist-compras\\website\\routes\\workspace.js","statementMap":{"0":{"start":{"line":1,"column":16},"end":{"line":1,"column":34}},"1":{"start":{"line":2,"column":20},"end":{"line":2,"column":54}},"2":{"start":{"line":3,"column":22},"end":{"line":3,"column":58}},"3":{"start":{"line":4,"column":24},"end":{"line":4,"column":53}},"4":{"start":{"line":6,"column":20},"end":{"line":6,"column":21}},"5":{"start":{"line":7,"column":20},"end":{"line":7,"column":21}},"6":{"start":{"line":10,"column":2},"end":{"line":14,"column":22}},"7":{"start":{"line":18,"column":22},"end":{"line":20,"column":24}},"8":{"start":{"line":21,"column":2},"end":{"line":21,"column":25}},"9":{"start":{"line":25,"column":22},"end":{"line":27,"column":24}},"10":{"start":{"line":28,"column":2},"end":{"line":28,"column":25}},"11":{"start":{"line":32,"column":17},"end":{"line":32,"column":33}},"12":{"start":{"line":35,"column":2},"end":{"line":52,"column":5}},"13":{"start":{"line":36,"column":24},"end":{"line":39,"column":49}},"14":{"start":{"line":41,"column":4},"end":{"line":41,"column":75}},"15":{"start":{"line":41,"column":34},"end":{"line":41,"column":75}},"16":{"start":{"line":42,"column":4},"end":{"line":50,"column":5}},"17":{"start":{"line":43,"column":23},"end":{"line":47,"column":8}},"18":{"start":{"line":48,"column":6},"end":{"line":48,"column":56}},"19":{"start":{"line":49,"column":6},"end":{"line":49,"column":34}},"20":{"start":{"line":51,"column":4},"end":{"line":51,"column":84}},"21":{"start":{"line":54,"column":2},"end":{"line":69,"column":5}},"22":{"start":{"line":55,"column":25},"end":{"line":55,"column":33}},"23":{"start":{"line":56,"column":19},"end":{"line":58,"column":14}},"24":{"start":{"line":60,"column":4},"end":{"line":60,"column":68}},"25":{"start":{"line":60,"column":17},"end":{"line":60,"column":68}},"26":{"start":{"line":62,"column":21},"end":{"line":66,"column":6}},"27":{"start":{"line":67,"column":4},"end":{"line":67,"column":54}},"28":{"start":{"line":68,"column":4},"end":{"line":68,"column":32}},"29":{"start":{"line":72,"column":2},"end":{"line":87,"column":5}},"30":{"start":{"line":73,"column":25},"end":{"line":73,"column":33}},"31":{"start":{"line":74,"column":19},"end":{"line":76,"column":14}},"32":{"start":{"line":78,"column":4},"end":{"line":78,"column":68}},"33":{"start":{"line":78,"column":17},"end":{"line":78,"column":68}},"34":{"start":{"line":80,"column":21},"end":{"line":84,"column":6}},"35":{"start":{"line":85,"column":4},"end":{"line":85,"column":54}},"36":{"start":{"line":86,"column":4},"end":{"line":86,"column":32}},"37":{"start":{"line":90,"column":2},"end":{"line":92,"column":5}},"38":{"start":{"line":91,"column":4},"end":{"line":91,"column":55}},"39":{"start":{"line":94,"column":2},"end":{"line":115,"column":5}},"40":{"start":{"line":95,"column":21},"end":{"line":95,"column":29}},"41":{"start":{"line":96,"column":4},"end":{"line":96,"column":87}},"42":{"start":{"line":96,"column":31},"end":{"line":96,"column":87}},"43":{"start":{"line":98,"column":23},"end":{"line":98,"column":60}},"44":{"start":{"line":99,"column":4},"end":{"line":101,"column":5}},"45":{"start":{"line":100,"column":6},"end":{"line":100,"column":71}},"46":{"start":{"line":103,"column":17},"end":{"line":103,"column":49}},"47":{"start":{"line":104,"column":21},"end":{"line":104,"column":91}},"48":{"start":{"line":106,"column":4},"end":{"line":106,"column":102}},"49":{"start":{"line":108,"column":21},"end":{"line":112,"column":6}},"50":{"start":{"line":113,"column":4},"end":{"line":113,"column":54}},"51":{"start":{"line":114,"column":4},"end":{"line":114,"column":32}},"52":{"start":{"line":118,"column":2},"end":{"line":138,"column":5}},"53":{"start":{"line":119,"column":22},"end":{"line":119,"column":31}},"54":{"start":{"line":120,"column":19},"end":{"line":120,"column":64}},"55":{"start":{"line":121,"column":4},"end":{"line":121,"column":102}},"56":{"start":{"line":121,"column":17},"end":{"line":121,"column":102}},"57":{"start":{"line":123,"column":23},"end":{"line":123,"column":60}},"58":{"start":{"line":124,"column":4},"end":{"line":128,"column":5}},"59":{"start":{"line":125,"column":6},"end":{"line":127,"column":9}},"60":{"start":{"line":130,"column":21},"end":{"line":130,"column":78}},"61":{"start":{"line":131,"column":21},"end":{"line":135,"column":6}},"62":{"start":{"line":136,"column":4},"end":{"line":136,"column":54}},"63":{"start":{"line":137,"column":4},"end":{"line":137,"column":32}},"64":{"start":{"line":141,"column":2},"end":{"line":169,"column":5}},"65":{"start":{"line":142,"column":23},"end":{"line":142,"column":33}},"66":{"start":{"line":145,"column":22},"end":{"line":147,"column":14}},"67":{"start":{"line":148,"column":4},"end":{"line":150,"column":5}},"68":{"start":{"line":149,"column":6},"end":{"line":149,"column":57}},"69":{"start":{"line":153,"column":4},"end":{"line":155,"column":5}},"70":{"start":{"line":154,"column":6},"end":{"line":154,"column":66}},"71":{"start":{"line":158,"column":19},"end":{"line":160,"column":14}},"72":{"start":{"line":161,"column":4},"end":{"line":161,"column":75}},"73":{"start":{"line":161,"column":17},"end":{"line":161,"column":75}},"74":{"start":{"line":162,"column":4},"end":{"line":162,"column":94}},"75":{"start":{"line":162,"column":33},"end":{"line":162,"column":94}},"76":{"start":{"line":164,"column":4},"end":{"line":166,"column":13}},"77":{"start":{"line":168,"column":4},"end":{"line":168,"column":46}},"78":{"start":{"line":171,"column":2},"end":{"line":171,"column":16}},"79":{"start":{"line":174,"column":0},"end":{"line":174,"column":37}}},"fnMap":{"0":{"name":"slugify","decl":{"start":{"line":9,"column":9},"end":{"line":9,"column":16}},"loc":{"start":{"line":9,"column":23},"end":{"line":15,"column":1}},"line":9},"1":{"name":"getOwnedCount","decl":{"start":{"line":17,"column":15},"end":{"line":17,"column":28}},"loc":{"start":{"line":17,"column":41},"end":{"line":22,"column":1}},"line":17},"2":{"name":"getTotalCount","decl":{"start":{"line":24,"column":15},"end":{"line":24,"column":28}},"loc":{"start":{"line":24,"column":41},"end":{"line":29,"column":1}},"line":24},"3":{"name":"makeWorkspaceRouter","decl":{"start":{"line":31,"column":9},"end":{"line":31,"column":28}},"loc":{"start":{"line":31,"column":61},"end":{"line":172,"column":1}},"line":31},"4":{"name":"(anonymous_4)","decl":{"start":{"line":35,"column":47},"end":{"line":35,"column":48}},"loc":{"start":{"line":35,"column":67},"end":{"line":52,"column":3}},"line":35},"5":{"name":"(anonymous_5)","decl":{"start":{"line":54,"column":48},"end":{"line":54,"column":49}},"loc":{"start":{"line":54,"column":68},"end":{"line":69,"column":3}},"line":54},"6":{"name":"(anonymous_6)","decl":{"start":{"line":72,"column":48},"end":{"line":72,"column":49}},"loc":{"start":{"line":72,"column":68},"end":{"line":87,"column":3}},"line":72},"7":{"name":"(anonymous_7)","decl":{"start":{"line":90,"column":47},"end":{"line":90,"column":48}},"loc":{"start":{"line":90,"column":61},"end":{"line":92,"column":3}},"line":90},"8":{"name":"(anonymous_8)","decl":{"start":{"line":94,"column":48},"end":{"line":94,"column":49}},"loc":{"start":{"line":94,"column":68},"end":{"line":115,"column":3}},"line":94},"9":{"name":"(anonymous_9)","decl":{"start":{"line":118,"column":35},"end":{"line":118,"column":36}},"loc":{"start":{"line":118,"column":55},"end":{"line":138,"column":3}},"line":118},"10":{"name":"(anonymous_10)","decl":{"start":{"line":141,"column":74},"end":{"line":141,"column":75}},"loc":{"start":{"line":141,"column":94},"end":{"line":169,"column":3}},"line":141}},"branchMap":{"0":{"loc":{"start":{"line":41,"column":4},"end":{"line":41,"column":75}},"type":"if","locations":[{"start":{"line":41,"column":4},"end":{"line":41,"column":75}},{"start":{},"end":{}}],"line":41},"1":{"loc":{"start":{"line":42,"column":4},"end":{"line":50,"column":5}},"type":"if","locations":[{"start":{"line":42,"column":4},"end":{"line":50,"column":5}},{"start":{},"end":{}}],"line":42},"2":{"loc":{"start":{"line":60,"column":4},"end":{"line":60,"column":68}},"type":"if","locations":[{"start":{"line":60,"column":4},"end":{"line":60,"column":68}},{"start":{},"end":{}}],"line":60},"3":{"loc":{"start":{"line":78,"column":4},"end":{"line":78,"column":68}},"type":"if","locations":[{"start":{"line":78,"column":4},"end":{"line":78,"column":68}},{"start":{},"end":{}}],"line":78},"4":{"loc":{"start":{"line":96,"column":4},"end":{"line":96,"column":87}},"type":"if","locations":[{"start":{"line":96,"column":4},"end":{"line":96,"column":87}},{"start":{},"end":{}}],"line":96},"5":{"loc":{"start":{"line":96,"column":8},"end":{"line":96,"column":29}},"type":"binary-expr","locations":[{"start":{"line":96,"column":8},"end":{"line":96,"column":13}},{"start":{"line":96,"column":17},"end":{"line":96,"column":29}}],"line":96},"6":{"loc":{"start":{"line":99,"column":4},"end":{"line":101,"column":5}},"type":"if","locations":[{"start":{"line":99,"column":4},"end":{"line":101,"column":5}},{"start":{},"end":{}}],"line":99},"7":{"loc":{"start":{"line":121,"column":4},"end":{"line":121,"column":102}},"type":"if","locations":[{"start":{"line":121,"column":4},"end":{"line":121,"column":102}},{"start":{},"end":{}}],"line":121},"8":{"loc":{"start":{"line":124,"column":4},"end":{"line":128,"column":5}},"type":"if","locations":[{"start":{"line":124,"column":4},"end":{"line":128,"column":5}},{"start":{},"end":{}}],"line":124},"9":{"loc":{"start":{"line":148,"column":4},"end":{"line":150,"column":5}},"type":"if","locations":[{"start":{"line":148,"column":4},"end":{"line":150,"column":5}},{"start":{},"end":{}}],"line":148},"10":{"loc":{"start":{"line":148,"column":8},"end":{"line":148,"column":48}},"type":"binary-expr","locations":[{"start":{"line":148,"column":8},"end":{"line":148,"column":18}},{"start":{"line":148,"column":22},"end":{"line":148,"column":48}}],"line":148},"11":{"loc":{"start":{"line":153,"column":4},"end":{"line":155,"column":5}},"type":"if","locations":[{"start":{"line":153,"column":4},"end":{"line":155,"column":5}},{"start":{},"end":{}}],"line":153},"12":{"loc":{"start":{"line":161,"column":4},"end":{"line":161,"column":75}},"type":"if","locations":[{"start":{"line":161,"column":4},"end":{"line":161,"column":75}},{"start":{},"end":{}}],"line":161},"13":{"loc":{"start":{"line":162,"column":4},"end":{"line":162,"column":94}},"type":"if","locations":[{"start":{"line":162,"column":4},"end":{"line":162,"column":94}},{"start":{},"end":{}}],"line":162}},"s":{"0":3,"1":3,"2":3,"3":3,"4":3,"5":3,"6":1,"7":2,"8":2,"9":2,"10":2,"11":3,"12":3,"13":3,"14":3,"15":1,"16":2,"17":1,"18":1,"19":1,"20":1,"21":3,"22":2,"23":2,"24":2,"25":1,"26":1,"27":1,"28":1,"29":3,"30":2,"31":2,"32":2,"33":1,"34":1,"35":1,"36":1,"37":3,"38":1,"39":3,"40":3,"41":3,"42":1,"43":2,"44":2,"45":1,"46":1,"47":1,"48":1,"49":1,"50":1,"51":1,"52":3,"53":3,"54":3,"55":3,"56":1,"57":2,"58":2,"59":1,"60":1,"61":1,"62":1,"63":1,"64":3,"65":5,"66":5,"67":5,"68":1,"69":4,"70":1,"71":3,"72":3,"73":1,"74":2,"75":1,"76":1,"77":1,"78":3,"79":3},"f":{"0":1,"1":2,"2":2,"3":3,"4":3,"5":2,"6":2,"7":1,"8":3,"9":3,"10":5},"b":{"0":[1,2],"1":[1,1],"2":[1,1],"3":[1,1],"4":[1,2],"5":[3,2],"6":[1,1],"7":[1,2],"8":[1,1],"9":[1,4],"10":[5,5],"11":[1,3],"12":[1,2],"13":[1,1]},"_coverageSchema":"1a1c01bbd47fc00a2c39e90264f33305004495a9","hash":"9ea6a45d8d0a46f7b427b0e7a7572c80cfa3bf4d"}
,"C:\\Users\\felipe\\Documents\\My Codes\\checklist-compras\\website\\services\\authService.js": {"path":"C:\\Users\\felipe\\Documents\\My Codes\\checklist-compras\\website\\services\\authService.js","statementMap":{"0":{"start":{"line":1,"column":12},"end":{"line":1,"column":35}},"1":{"start":{"line":2,"column":15},"end":{"line":2,"column":32}},"2":{"start":{"line":3,"column":15},"end":{"line":3,"column":32}},"3":{"start":{"line":6,"column":19},"end":{"line":6,"column":41}},"4":{"start":{"line":7,"column":28},"end":{"line":7,"column":33}},"5":{"start":{"line":8,"column":32},"end":{"line":8,"column":56}},"6":{"start":{"line":9,"column":22},"end":{"line":9,"column":55}},"7":{"start":{"line":12,"column":2},"end":{"line":12,"column":54}},"8":{"start":{"line":16,"column":2},"end":{"line":16,"column":39}},"9":{"start":{"line":20,"column":2},"end":{"line":20,"column":48}},"10":{"start":{"line":24,"column":2},"end":{"line":24,"column":43}},"11":{"start":{"line":28,"column":2},"end":{"line":28,"column":37}},"12":{"start":{"line":32,"column":15},"end":{"line":32,"column":44}},"13":{"start":{"line":33,"column":20},"end":{"line":33,"column":66}},"14":{"start":{"line":34,"column":2},"end":{"line":34,"column":98}},"15":{"start":{"line":38,"column":15},"end":{"line":40,"column":42}},"16":{"start":{"line":42,"column":2},"end":{"line":45,"column":3}},"17":{"start":{"line":43,"column":18},"end":{"line":43,"column":69}},"18":{"start":{"line":44,"column":4},"end":{"line":44,"column":26}},"19":{"start":{"line":44,"column":15},"end":{"line":44,"column":26}},"20":{"start":{"line":46,"column":2},"end":{"line":46,"column":14}},"21":{"start":{"line":50,"column":2},"end":{"line":50,"column":27}},"22":{"start":{"line":54,"column":2},"end":{"line":54,"column":93}},"23":{"start":{"line":55,"column":19},"end":{"line":55,"column":41}},"24":{"start":{"line":56,"column":2},"end":{"line":56,"column":47}},"25":{"start":{"line":57,"column":2},"end":{"line":57,"column":22}},"26":{"start":{"line":60,"column":0},"end":{"line":70,"column":2}}},"fnMap":{"0":{"name":"signAccessToken","decl":{"start":{"line":11,"column":9},"end":{"line":11,"column":24}},"loc":{"start":{"line":11,"column":67},"end":{"line":13,"column":1}},"line":11},"1":{"name":"verifyAccessToken","decl":{"start":{"line":15,"column":9},"end":{"line":15,"column":26}},"loc":{"start":{"line":15,"column":34},"end":{"line":17,"column":1}},"line":15},"2":{"name":"generateRefreshToken","decl":{"start":{"line":19,"column":9},"end":{"line":19,"column":29}},"loc":{"start":{"line":19,"column":32},"end":{"line":21,"column":1}},"line":19},"3":{"name":"hashRefreshToken","decl":{"start":{"line":23,"column":15},"end":{"line":23,"column":31}},"loc":{"start":{"line":23,"column":39},"end":{"line":25,"column":1}},"line":23},"4":{"name":"verifyRefreshTokenHash","decl":{"start":{"line":27,"column":15},"end":{"line":27,"column":37}},"loc":{"start":{"line":27,"column":51},"end":{"line":29,"column":1}},"line":27},"5":{"name":"saveRefreshToken","decl":{"start":{"line":31,"column":15},"end":{"line":31,"column":31}},"loc":{"start":{"line":31,"column":51},"end":{"line":35,"column":1}},"line":31},"6":{"name":"validateRefreshToken","decl":{"start":{"line":37,"column":15},"end":{"line":37,"column":35}},"loc":{"start":{"line":37,"column":55},"end":{"line":47,"column":1}},"line":37},"7":{"name":"decodeWithoutVerify","decl":{"start":{"line":49,"column":9},"end":{"line":49,"column":28}},"loc":{"start":{"line":49,"column":36},"end":{"line":51,"column":1}},"line":49},"8":{"name":"rotateRefreshToken","decl":{"start":{"line":53,"column":15},"end":{"line":53,"column":33}},"loc":{"start":{"line":53,"column":57},"end":{"line":58,"column":1}},"line":53}},"branchMap":{"0":{"loc":{"start":{"line":11,"column":34},"end":{"line":11,"column":65}},"type":"default-arg","locations":[{"start":{"line":11,"column":46},"end":{"line":11,"column":65}}],"line":11},"1":{"loc":{"start":{"line":44,"column":4},"end":{"line":44,"column":26}},"type":"if","locations":[{"start":{"line":44,"column":4},"end":{"line":44,"column":26}},{"start":{},"end":{}}],"line":44}},"s":{"0":6,"1":6,"2":6,"3":6,"4":6,"5":6,"6":6,"7":66,"8":59,"9":25,"10":21,"11":9,"12":18,"13":18,"14":18,"15":15,"16":14,"17":7,"18":7,"19":6,"20":8,"21":6,"22":5,"23":5,"24":5,"25":5,"26":6},"f":{"0":66,"1":59,"2":25,"3":21,"4":9,"5":18,"6":15,"7":6,"8":5},"b":{"0":[56],"1":[6,1]},"_coverageSchema":"1a1c01bbd47fc00a2c39e90264f33305004495a9","hash":"469f3b2a6521084928bcc7da7d8d0d626dfdb796"}
,"C:\\Users\\felipe\\Documents\\My Codes\\checklist-compras\\website\\services\\inviteService.js": {"path":"C:\\Users\\felipe\\Documents\\My Codes\\checklist-compras\\website\\services\\inviteService.js","statementMap":{"0":{"start":{"line":1,"column":15},"end":{"line":1,"column":32}},"1":{"start":{"line":3,"column":25},"end":{"line":3,"column":34}},"2":{"start":{"line":6,"column":16},"end":{"line":6,"column":54}},"3":{"start":{"line":7,"column":20},"end":{"line":7,"column":59}},"4":{"start":{"line":8,"column":2},"end":{"line":13,"column":5}},"5":{"start":{"line":14,"column":2},"end":{"line":14,"column":15}},"6":{"start":{"line":18,"column":17},"end":{"line":21,"column":12}},"7":{"start":{"line":22,"column":2},"end":{"line":22,"column":24}},"8":{"start":{"line":26,"column":17},"end":{"line":26,"column":48}},"9":{"start":{"line":27,"column":2},"end":{"line":27,"column":27}},"10":{"start":{"line":27,"column":15},"end":{"line":27,"column":27}},"11":{"start":{"line":29,"column":2},"end":{"line":29,"column":80}},"12":{"start":{"line":30,"column":2},"end":{"line":34,"column":5}},"13":{"start":{"line":35,"column":2},"end":{"line":35,"column":26}},"14":{"start":{"line":38,"column":0},"end":{"line":38,"column":64}}},"fnMap":{"0":{"name":"createInvite","decl":{"start":{"line":5,"column":15},"end":{"line":5,"column":27}},"loc":{"start":{"line":5,"column":50},"end":{"line":15,"column":1}},"line":5},"1":{"name":"validateInvite","decl":{"start":{"line":17,"column":15},"end":{"line":17,"column":29}},"loc":{"start":{"line":17,"column":41},"end":{"line":23,"column":1}},"line":17},"2":{"name":"acceptInvite","decl":{"start":{"line":25,"column":15},"end":{"line":25,"column":27}},"loc":{"start":{"line":25,"column":47},"end":{"line":36,"column":1}},"line":25}},"branchMap":{"0":{"loc":{"start":{"line":22,"column":9},"end":{"line":22,"column":23}},"type":"binary-expr","locations":[{"start":{"line":22,"column":9},"end":{"line":22,"column":15}},{"start":{"line":22,"column":19},"end":{"line":22,"column":23}}],"line":22},"1":{"loc":{"start":{"line":27,"column":2},"end":{"line":27,"column":27}},"type":"if","locations":[{"start":{"line":27,"column":2},"end":{"line":27,"column":27}},{"start":{},"end":{}}],"line":27}},"s":{"0":4,"1":4,"2":5,"3":5,"4":5,"5":5,"6":10,"7":10,"8":3,"9":3,"10":1,"11":2,"12":2,"13":2,"14":4},"f":{"0":5,"1":10,"2":3},"b":{"0":[10,5],"1":[1,2]},"_coverageSchema":"1a1c01bbd47fc00a2c39e90264f33305004495a9","hash":"53e652399bf0f7bf0829afccc7ab82211f9b7ffc"}
,"C:\\Users\\felipe\\Documents\\My Codes\\checklist-compras\\website\\services\\itemService.js": {"path":"C:\\Users\\felipe\\Documents\\My Codes\\checklist-compras\\website\\services\\itemService.js","statementMap":{"0":{"start":{"line":2,"column":2},"end":{"line":5,"column":5}},"1":{"start":{"line":3,"column":4},"end":{"line":3,"column":85}},"2":{"start":{"line":4,"column":4},"end":{"line":4,"column":19}},"3":{"start":{"line":9,"column":2},"end":{"line":17,"column":5}},"4":{"start":{"line":10,"column":18},"end":{"line":10,"column":78}},"5":{"start":{"line":11,"column":4},"end":{"line":15,"column":5}},"6":{"start":{"line":12,"column":6},"end":{"line":12,"column":93}},"7":{"start":{"line":14,"column":6},"end":{"line":14,"column":94}},"8":{"start":{"line":16,"column":4},"end":{"line":16,"column":17}},"9":{"start":{"line":21,"column":2},"end":{"line":26,"column":5}},"10":{"start":{"line":22,"column":19},"end":{"line":24,"column":21}},"11":{"start":{"line":25,"column":4},"end":{"line":25,"column":16}},"12":{"start":{"line":30,"column":2},"end":{"line":32,"column":4}},"13":{"start":{"line":31,"column":4},"end":{"line":31,"column":71}},"14":{"start":{"line":36,"column":2},"end":{"line":40,"column":4}},"15":{"start":{"line":37,"column":4},"end":{"line":39,"column":60}},"16":{"start":{"line":44,"column":2},"end":{"line":48,"column":4}},"17":{"start":{"line":45,"column":4},"end":{"line":47,"column":53}},"18":{"start":{"line":52,"column":2},"end":{"line":54,"column":4}},"19":{"start":{"line":53,"column":4},"end":{"line":53,"column":69}},"20":{"start":{"line":58,"column":2},"end":{"line":60,"column":4}},"21":{"start":{"line":59,"column":4},"end":{"line":59,"column":67}},"22":{"start":{"line":63,"column":0},"end":{"line":63,"column":109}}},"fnMap":{"0":{"name":"withTenant","decl":{"start":{"line":1,"column":9},"end":{"line":1,"column":19}},"loc":{"start":{"line":1,"column":38},"end":{"line":6,"column":1}},"line":1},"1":{"name":"(anonymous_1)","decl":{"start":{"line":2,"column":24},"end":{"line":2,"column":25}},"loc":{"start":{"line":2,"column":39},"end":{"line":5,"column":3}},"line":2},"2":{"name":"listItems","decl":{"start":{"line":8,"column":15},"end":{"line":8,"column":24}},"loc":{"start":{"line":8,"column":47},"end":{"line":18,"column":1}},"line":8},"3":{"name":"(anonymous_3)","decl":{"start":{"line":9,"column":34},"end":{"line":9,"column":35}},"loc":{"start":{"line":9,"column":43},"end":{"line":17,"column":3}},"line":9},"4":{"name":"addItem","decl":{"start":{"line":20,"column":15},"end":{"line":20,"column":22}},"loc":{"start":{"line":20,"column":47},"end":{"line":27,"column":1}},"line":20},"5":{"name":"(anonymous_5)","decl":{"start":{"line":21,"column":34},"end":{"line":21,"column":35}},"loc":{"start":{"line":21,"column":49},"end":{"line":26,"column":3}},"line":21},"6":{"name":"checkItem","decl":{"start":{"line":29,"column":15},"end":{"line":29,"column":24}},"loc":{"start":{"line":29,"column":52},"end":{"line":33,"column":1}},"line":29},"7":{"name":"(anonymous_7)","decl":{"start":{"line":30,"column":34},"end":{"line":30,"column":35}},"loc":{"start":{"line":31,"column":4},"end":{"line":31,"column":71}},"line":31},"8":{"name":"archiveChecked","decl":{"start":{"line":35,"column":15},"end":{"line":35,"column":29}},"loc":{"start":{"line":35,"column":44},"end":{"line":41,"column":1}},"line":35},"9":{"name":"(anonymous_9)","decl":{"start":{"line":36,"column":34},"end":{"line":36,"column":35}},"loc":{"start":{"line":37,"column":4},"end":{"line":39,"column":60}},"line":37},"10":{"name":"listArchived","decl":{"start":{"line":43,"column":15},"end":{"line":43,"column":27}},"loc":{"start":{"line":43,"column":42},"end":{"line":49,"column":1}},"line":43},"11":{"name":"(anonymous_11)","decl":{"start":{"line":44,"column":34},"end":{"line":44,"column":35}},"loc":{"start":{"line":45,"column":4},"end":{"line":47,"column":53}},"line":45},"12":{"name":"deleteArchived","decl":{"start":{"line":51,"column":15},"end":{"line":51,"column":29}},"loc":{"start":{"line":51,"column":44},"end":{"line":55,"column":1}},"line":51},"13":{"name":"(anonymous_13)","decl":{"start":{"line":52,"column":34},"end":{"line":52,"column":35}},"loc":{"start":{"line":53,"column":4},"end":{"line":53,"column":69}},"line":53},"14":{"name":"updateItem","decl":{"start":{"line":57,"column":15},"end":{"line":57,"column":25}},"loc":{"start":{"line":57,"column":53},"end":{"line":61,"column":1}},"line":57},"15":{"name":"(anonymous_15)","decl":{"start":{"line":58,"column":34},"end":{"line":58,"column":35}},"loc":{"start":{"line":59,"column":4},"end":{"line":59,"column":67}},"line":59}},"branchMap":{"0":{"loc":{"start":{"line":11,"column":4},"end":{"line":15,"column":5}},"type":"if","locations":[{"start":{"line":11,"column":4},"end":{"line":15,"column":5}},{"start":{"line":13,"column":11},"end":{"line":15,"column":5}}],"line":11}},"s":{"0":39,"1":39,"2":39,"3":3,"4":3,"5":3,"6":1,"7":2,"8":3,"9":16,"10":16,"11":16,"12":4,"13":4,"14":5,"15":5,"16":2,"17":2,"18":2,"19":2,"20":7,"21":7,"22":4},"f":{"0":39,"1":39,"2":3,"3":3,"4":16,"5":16,"6":4,"7":4,"8":5,"9":5,"10":2,"11":2,"12":2,"13":2,"14":7,"15":7},"b":{"0":[1,2]},"_coverageSchema":"1a1c01bbd47fc00a2c39e90264f33305004495a9","hash":"74df2af24447b23088edacf0b12a7a70f3f491ba"}
}
