TN:
SF:middleware\auth.js
FN:10,makeRequireAuth
FN:11,requireAuth
FN:30,_tryRefresh
FN:54,makeRequireTenant
FN:55,requireTenant
FNF:5
FNH:5
FNDA:5,makeRequireAuth
FNDA:35,requireAuth
FNDA:8,_tryRefresh
FNDA:5,makeRequireTenant
FNDA:20,requireTenant
DA:1,5
DA:2,5
DA:4,5
DA:11,5
DA:12,35
DA:14,35
DA:15,4
DA:18,31
DA:19,31
DA:20,26
DA:22,5
DA:23,4
DA:25,1
DA:31,8
DA:32,8
DA:34,4
DA:35,4
DA:36,4
DA:37,3
DA:39,2
DA:40,2
DA:41,2
DA:42,2
DA:44,2
DA:45,2
DA:46,2
DA:47,2
DA:48,2
DA:50,1
DA:55,5
DA:56,20
DA:57,20
DA:59,18
DA:60,18
DA:64,17
DA:66,15
DA:67,15
DA:68,15
DA:70,1
DA:75,5
LF:40
LH:40
BRDA:12,0,0,35
BRDA:12,0,1,35
BRDA:14,1,0,4
BRDA:14,1,1,31
BRDA:22,2,0,4
BRDA:22,2,1,1
BRDA:31,3,0,8
BRDA:31,3,1,8
BRDA:32,4,0,4
BRDA:32,4,1,4
BRDA:32,5,0,8
BRDA:32,5,1,4
BRDA:37,6,0,1
BRDA:37,6,1,2
BRDA:42,7,0,1
BRDA:42,7,1,1
BRDA:56,8,0,20
BRDA:56,8,1,20
BRDA:57,9,0,2
BRDA:57,9,1,18
BRDA:64,10,0,2
BRDA:64,10,1,15
BRF:22
BRH:22
end_of_record
TN:
SF:routes\auth.js
FN:6,_handleOAuthCallback
FN:16,makeAuthRouter
FN:19,(anonymous_2)
FN:30,(anonymous_3)
FN:64,(anonymous_4)
FNF:5
FNH:5
FNDA:1,_handleOAuthCallback
FNDA:3,makeAuthRouter
FNDA:1,(anonymous_2)
FNDA:6,(anonymous_3)
FNDA:4,(anonymous_4)
DA:1,3
DA:2,3
DA:3,3
DA:4,3
DA:7,1
DA:8,1
DA:9,1
DA:10,1
DA:11,1
DA:12,1
DA:13,1
DA:17,3
DA:19,3
DA:21,3
DA:25,3
DA:30,3
DA:31,6
DA:32,6
DA:34,6
DA:36,5
DA:37,5
DA:38,4
DA:39,4
DA:41,4
DA:42,3
DA:47,5
DA:49,3
DA:50,3
DA:51,3
DA:53,2
DA:54,2
DA:55,2
DA:56,2
DA:58,2
DA:59,2
DA:60,2
DA:61,2
DA:64,3
DA:65,4
DA:66,4
DA:68,4
DA:69,3
DA:70,3
DA:71,2
DA:72,2
DA:78,4
DA:79,4
DA:80,4
DA:83,3
DA:86,3
DA:87,3
LF:51
LH:51
BRDA:31,0,0,6
BRDA:31,0,1,6
BRDA:32,1,0,6
BRDA:32,1,1,6
BRDA:34,2,0,1
BRDA:34,2,1,5
BRDA:37,3,0,4
BRDA:37,3,1,1
BRDA:41,4,0,3
BRDA:41,4,1,1
BRDA:47,5,0,2
BRDA:47,5,1,3
BRDA:51,6,0,1
BRDA:51,6,1,2
BRDA:56,7,0,1
BRDA:56,7,1,1
BRDA:65,8,0,4
BRDA:65,8,1,4
BRDA:66,9,0,4
BRDA:66,9,1,4
BRDA:68,10,0,3
BRDA:68,10,1,1
BRDA:68,11,0,4
BRDA:68,11,1,3
BRDA:72,12,0,1
BRDA:72,12,1,1
BRF:26
BRH:26
end_of_record
TN:
SF:routes\items.js
FN:6,makeItemsRouter
FN:9,(anonymous_1)
FN:15,(anonymous_2)
FN:26,(anonymous_3)
FN:36,(anonymous_4)
FN:45,(anonymous_5)
FN:55,(anonymous_6)
FN:60,(anonymous_7)
FN:65,(anonymous_8)
FNF:9
FNH:9
FNDA:3,makeItemsRouter
FNDA:1,(anonymous_1)
FNDA:3,(anonymous_2)
FNDA:3,(anonymous_3)
FNDA:3,(anonymous_4)
FNDA:2,(anonymous_5)
FNDA:1,(anonymous_6)
FNDA:1,(anonymous_7)
FNDA:2,(anonymous_8)
DA:1,3
DA:2,3
DA:3,3
DA:4,3
DA:7,3
DA:9,3
DA:10,1
DA:11,1
DA:12,1
DA:15,3
DA:16,3
DA:17,3
DA:19,2
DA:20,2
DA:22,2
DA:23,1
DA:26,3
DA:27,3
DA:28,3
DA:29,3
DA:30,3
DA:32,3
DA:33,1
DA:36,3
DA:37,3
DA:38,3
DA:40,3
DA:41,3
DA:42,2
DA:43,2
DA:45,2
DA:52,3
DA:55,3
DA:56,1
DA:57,1
DA:60,3
DA:61,1
DA:62,1
DA:65,3
DA:67,2
DA:71,2
DA:73,1
DA:74,1
DA:75,1
DA:78,3
DA:81,3
LF:46
LH:46
BRDA:10,0,0,1
BRDA:10,0,1,1
BRDA:17,1,0,1
BRDA:17,1,1,2
BRDA:17,2,0,3
BRDA:17,2,1,2
BRDA:22,3,0,1
BRDA:22,3,1,1
BRDA:32,4,0,2
BRDA:32,4,1,1
BRDA:41,5,0,2
BRDA:41,5,1,1
BRDA:45,6,0,2
BRDA:45,6,1,2
BRDA:71,7,0,1
BRDA:71,7,1,1
BRDA:71,8,0,2
BRDA:71,8,1,2
BRDA:74,9,0,1
BRF:19
BRH:19
end_of_record
TN:
SF:routes\workspace.js
FN:6,slugify
FN:14,makeWorkspaceRouter
FN:17,(anonymous_2)
FN:37,(anonymous_3)
FN:54,(anonymous_4)
FN:58,(anonymous_5)
FN:78,(anonymous_6)
FNF:7
FNH:7
FNDA:1,slugify
FNDA:3,makeWorkspaceRouter
FNDA:3,(anonymous_2)
FNDA:2,(anonymous_3)
FNDA:1,(anonymous_4)
FNDA:2,(anonymous_5)
FNDA:2,(anonymous_6)
DA:1,3
DA:2,3
DA:3,3
DA:4,3
DA:7,1
DA:15,3
DA:17,3
DA:18,3
DA:23,3
DA:24,2
DA:25,1
DA:26,1
DA:31,1
DA:32,1
DA:34,1
DA:37,3
DA:38,2
DA:39,2
DA:43,2
DA:45,1
DA:50,1
DA:51,1
DA:54,3
DA:55,1
DA:58,3
DA:59,2
DA:60,2
DA:62,1
DA:63,1
DA:65,1
DA:66,1
DA:67,1
DA:69,1
DA:74,1
DA:75,1
DA:78,3
DA:79,2
DA:80,2
DA:81,2
DA:83,1
DA:84,1
DA:89,1
DA:90,1
DA:93,3
DA:96,3
LF:45
LH:45
BRDA:23,0,0,1
BRDA:23,0,1,2
BRDA:24,1,0,1
BRDA:24,1,1,1
BRDA:43,2,0,1
BRDA:43,2,1,1
BRDA:60,3,0,1
BRDA:60,3,1,1
BRDA:60,4,0,2
BRDA:60,4,1,1
BRDA:81,5,0,1
BRDA:81,5,1,1
BRF:12
BRH:12
end_of_record
TN:
SF:services\authService.js
FN:11,signAccessToken
FN:15,verifyAccessToken
FN:19,generateRefreshToken
FN:23,hashRefreshToken
FN:27,verifyRefreshTokenHash
FN:31,saveRefreshToken
FN:37,validateRefreshToken
FN:49,decodeWithoutVerify
FN:53,rotateRefreshToken
FNF:9
FNH:9
FNDA:50,signAccessToken
FNDA:44,verifyAccessToken
FNDA:25,generateRefreshToken
FNDA:21,hashRefreshToken
FNDA:9,verifyRefreshTokenHash
FNDA:18,saveRefreshToken
FNDA:15,validateRefreshToken
FNDA:6,decodeWithoutVerify
FNDA:5,rotateRefreshToken
DA:1,6
DA:2,6
DA:3,6
DA:6,6
DA:7,6
DA:8,6
DA:9,6
DA:12,50
DA:16,44
DA:20,25
DA:24,21
DA:28,9
DA:32,18
DA:33,18
DA:34,18
DA:38,15
DA:42,14
DA:43,7
DA:44,7
DA:46,8
DA:50,6
DA:54,5
DA:55,5
DA:56,5
DA:57,5
DA:60,6
LF:26
LH:26
BRDA:11,0,0,40
BRDA:44,1,0,6
BRDA:44,1,1,1
BRF:3
BRH:3
end_of_record
TN:
SF:services\inviteService.js
FN:5,createInvite
FN:17,validateInvite
FN:25,acceptInvite
FNF:3
FNH:3
FNDA:5,createInvite
FNDA:9,validateInvite
FNDA:3,acceptInvite
DA:1,4
DA:3,4
DA:6,5
DA:7,5
DA:8,5
DA:14,5
DA:18,9
DA:22,9
DA:26,3
DA:27,3
DA:29,2
DA:30,2
DA:35,2
DA:38,4
LF:14
LH:14
BRDA:22,0,0,9
BRDA:22,0,1,5
BRDA:27,1,0,1
BRDA:27,1,1,2
BRF:4
BRH:4
end_of_record
TN:
SF:services\itemService.js
FN:1,withTenant
FN:2,(anonymous_1)
FN:8,listItems
FN:9,(anonymous_3)
FN:20,addItem
FN:21,(anonymous_5)
FN:29,checkItem
FN:30,(anonymous_7)
FN:35,archiveChecked
FN:36,(anonymous_9)
FN:43,listArchived
FN:44,(anonymous_11)
FN:51,deleteArchived
FN:52,(anonymous_13)
FNF:14
FNH:14
FNDA:28,withTenant
FNDA:28,(anonymous_1)
FNDA:3,listItems
FNDA:3,(anonymous_3)
FNDA:13,addItem
FNDA:13,(anonymous_5)
FNDA:4,checkItem
FNDA:4,(anonymous_7)
FNDA:4,archiveChecked
FNDA:4,(anonymous_9)
FNDA:2,listArchived
FNDA:2,(anonymous_11)
FNDA:2,deleteArchived
FNDA:2,(anonymous_13)
DA:2,28
DA:3,28
DA:4,28
DA:9,3
DA:10,3
DA:11,3
DA:12,1
DA:14,2
DA:16,3
DA:21,13
DA:22,13
DA:25,13
DA:30,4
DA:31,4
DA:36,4
DA:37,4
DA:44,2
DA:45,2
DA:52,2
DA:53,2
DA:57,4
LF:21
LH:21
BRDA:11,0,0,1
BRDA:11,0,1,2
BRF:2
BRH:2
end_of_record
